"2022-07-29 18:58:41 [main] INFO  c.c.d.controller.StockControllerTest - Starting StockControllerTest using Java 17.0.3 on DESKTOP-VUG3GVB with PID 5156 (started by VANU in E:\cts ManHandsOn\Portfolio Management\DailySharePrice)
""2022-07-29 18:58:41 [main] INFO  c.c.d.controller.StockControllerTest - No active profile set, falling back to 1 default profile: "default"
""2022-07-29 18:58:44 [main] INFO  o.s.b.t.m.w.SpringBootMockServletContext - Initializing Spring TestDispatcherServlet ''
""2022-07-29 18:58:44 [main] INFO  o.s.t.w.s.TestDispatcherServlet - Initializing Servlet ''
""2022-07-29 18:58:44 [main] INFO  o.s.t.w.s.TestDispatcherServlet - Completed initialization in 4 ms
""2022-07-29 18:58:45 [main] INFO  c.c.d.controller.StockControllerTest - Started StockControllerTest in 4.703 seconds (JVM running for 7.223)
""2022-07-29 18:58:45 [main] INFO  c.c.d.controller.StockController - fetching Stock Details using stockName
""2022-07-29 18:58:45 [main] INFO  o.s.b.t.c.SpringBootTestContextBootstrapper - Neither @ContextConfiguration nor @ContextHierarchy found for test class [com.cts.dailyshareprice.DailySharePriceApplicationTests], using SpringBootContextLoader
""2022-07-29 18:58:45 [main] INFO  o.s.t.c.s.AbstractContextLoader - Could not detect default resource locations for test class [com.cts.dailyshareprice.DailySharePriceApplicationTests]: no resource found for suffixes {-context.xml, Context.groovy}.
""2022-07-29 18:58:45 [main] INFO  o.s.t.c.s.AnnotationConfigContextLoaderUtils - Could not detect default configuration classes for test class [com.cts.dailyshareprice.DailySharePriceApplicationTests]: DailySharePriceApplicationTests does not declare any static, non-private, non-final, nested classes annotated with @Configuration.
""2022-07-29 18:58:45 [main] INFO  o.s.b.t.c.SpringBootTestContextBootstrapper - Found @SpringBootConfiguration com.cts.dailyshareprice.DailySharePriceApplication for test class com.cts.dailyshareprice.DailySharePriceApplicationTests
""2022-07-29 18:58:45 [main] INFO  o.s.b.t.c.SpringBootTestContextBootstrapper - Loaded default TestExecutionListener class names from location [META-INF/spring.factories]: [org.springframework.boot.test.mock.mockito.MockitoTestExecutionListener, org.springframework.boot.test.mock.mockito.ResetMocksTestExecutionListener, org.springframework.boot.test.autoconfigure.restdocs.RestDocsTestExecutionListener, org.springframework.boot.test.autoconfigure.web.client.MockRestServiceServerResetTestExecutionListener, org.springframework.boot.test.autoconfigure.web.servlet.MockMvcPrintOnlyOnFailureTestExecutionListener, org.springframework.boot.test.autoconfigure.web.servlet.WebDriverTestExecutionListener, org.springframework.boot.test.autoconfigure.webservices.client.MockWebServiceServerTestExecutionListener, org.springframework.test.context.web.ServletTestExecutionListener, org.springframework.test.context.support.DirtiesContextBeforeModesTestExecutionListener, org.springframework.test.context.event.ApplicationEventsTestExecutionListener, org.springframework.test.context.support.DependencyInjectionTestExecutionListener, org.springframework.test.context.support.DirtiesContextTestExecutionListener, org.springframework.test.context.transaction.TransactionalTestExecutionListener, org.springframework.test.context.jdbc.SqlScriptsTestExecutionListener, org.springframework.test.context.event.EventPublishingTestExecutionListener]
""2022-07-29 18:58:45 [main] INFO  o.s.b.t.c.SpringBootTestContextBootstrapper - Using TestExecutionListeners: [org.springframework.test.context.web.ServletTestExecutionListener@77a4bac, org.springframework.test.context.support.DirtiesContextBeforeModesTestExecutionListener@534fc1f7, org.springframework.test.context.event.ApplicationEventsTestExecutionListener@7d5a0b14, org.springframework.boot.test.mock.mockito.MockitoTestExecutionListener@72ec16f8, org.springframework.boot.test.autoconfigure.SpringBootDependencyInjectionTestExecutionListener@279e1422, org.springframework.test.context.support.DirtiesContextTestExecutionListener@af3295f, org.springframework.test.context.transaction.TransactionalTestExecutionListener@27dc81be, org.springframework.test.context.jdbc.SqlScriptsTestExecutionListener@3595086b, org.springframework.test.context.event.EventPublishingTestExecutionListener@627d35ff, org.springframework.boot.test.mock.mockito.ResetMocksTestExecutionListener@7157413e, org.springframework.boot.test.autoconfigure.restdocs.RestDocsTestExecutionListener@3245efdb, org.springframework.boot.test.autoconfigure.web.client.MockRestServiceServerResetTestExecutionListener@2f0e7fa8, org.springframework.boot.test.autoconfigure.web.servlet.MockMvcPrintOnlyOnFailureTestExecutionListener@24d7657b, org.springframework.boot.test.autoconfigure.web.servlet.WebDriverTestExecutionListener@6f428e6e, org.springframework.boot.test.autoconfigure.webservices.client.MockWebServiceServerTestExecutionListener@72e49f6a]
""2022-07-29 18:58:46 [main] INFO  c.c.d.DailySharePriceApplicationTests - Starting DailySharePriceApplicationTests using Java 17.0.3 on DESKTOP-VUG3GVB with PID 5156 (started by VANU in E:\cts ManHandsOn\Portfolio Management\DailySharePrice)
""2022-07-29 18:58:46 [main] INFO  c.c.d.DailySharePriceApplicationTests - No active profile set, falling back to 1 default profile: "default"
""2022-07-29 18:58:47 [main] INFO  o.s.d.r.c.RepositoryConfigurationDelegate - Bootstrapping Spring Data JPA repositories in DEFAULT mode.
""2022-07-29 18:58:47 [main] INFO  o.s.d.r.c.RepositoryConfigurationDelegate - Finished Spring Data repository scanning in 79 ms. Found 1 JPA repository interfaces.
""2022-07-29 18:58:47 [main] INFO  o.s.cloud.context.scope.GenericScope - BeanFactory id=f4308707-7b6d-39d8-ac87-a1c3f3f5421d
""2022-07-29 18:58:48 [main] INFO  com.zaxxer.hikari.HikariDataSource - HikariPool-1 - Starting...
""2022-07-29 18:58:48 [main] INFO  com.zaxxer.hikari.HikariDataSource - HikariPool-1 - Start completed.
""2022-07-29 18:58:48 [main] INFO  o.h.jpa.internal.util.LogHelper - HHH000204: Processing PersistenceUnitInfo [name: default]
""2022-07-29 18:58:48 [main] INFO  org.hibernate.Version - HHH000412: Hibernate ORM core version 5.6.9.Final
""2022-07-29 18:58:49 [main] INFO  o.h.annotations.common.Version - HCANN000001: Hibernate Commons Annotations {5.1.2.Final}
""2022-07-29 18:58:49 [main] INFO  org.hibernate.dialect.Dialect - HHH000400: Using dialect: org.hibernate.dialect.H2Dialect
""2022-07-29 18:58:50 [main] INFO  o.h.e.t.j.p.i.JtaPlatformInitiator - HHH000490: Using JtaPlatform implementation: [org.hibernate.engine.transaction.jta.platform.internal.NoJtaPlatform]
""2022-07-29 18:58:50 [main] INFO  o.s.o.j.LocalContainerEntityManagerFactoryBean - Initialized JPA EntityManagerFactory for persistence unit 'default'
""2022-07-29 18:58:51 [main] WARN  o.s.b.a.o.j.JpaBaseConfiguration$JpaWebConfiguration - spring.jpa.open-in-view is enabled by default. Therefore, database queries may be performed during view rendering. Explicitly configure spring.jpa.open-in-view to disable this warning
""2022-07-29 18:58:51 [main] INFO  o.s.b.a.h.H2ConsoleAutoConfiguration - H2 console available at '/h2-console'. Database available at 'jdbc:h2:mem:pms'
""2022-07-29 18:58:53 [main] INFO  c.c.d.DailySharePriceApplicationTests - Started DailySharePriceApplicationTests in 7.587 seconds (JVM running for 15.556)
""2022-07-29 18:58:53 [main] INFO  o.s.b.t.c.SpringBootTestContextBootstrapper - Neither @ContextConfiguration nor @ContextHierarchy found for test class [com.cts.dailyshareprice.model.StockTest], using SpringBootContextLoader
""2022-07-29 18:58:53 [main] INFO  o.s.t.c.s.AbstractContextLoader - Could not detect default resource locations for test class [com.cts.dailyshareprice.model.StockTest]: no resource found for suffixes {-context.xml, Context.groovy}.
""2022-07-29 18:58:53 [main] INFO  o.s.t.c.s.AnnotationConfigContextLoaderUtils - Could not detect default configuration classes for test class [com.cts.dailyshareprice.model.StockTest]: StockTest does not declare any static, non-private, non-final, nested classes annotated with @Configuration.
""2022-07-29 18:58:53 [main] INFO  o.s.b.t.c.SpringBootTestContextBootstrapper - Found @SpringBootConfiguration com.cts.dailyshareprice.DailySharePriceApplication for test class com.cts.dailyshareprice.model.StockTest
""2022-07-29 18:58:53 [main] INFO  o.s.b.t.c.SpringBootTestContextBootstrapper - Loaded default TestExecutionListener class names from location [META-INF/spring.factories]: [org.springframework.boot.test.mock.mockito.MockitoTestExecutionListener, org.springframework.boot.test.mock.mockito.ResetMocksTestExecutionListener, org.springframework.boot.test.autoconfigure.restdocs.RestDocsTestExecutionListener, org.springframework.boot.test.autoconfigure.web.client.MockRestServiceServerResetTestExecutionListener, org.springframework.boot.test.autoconfigure.web.servlet.MockMvcPrintOnlyOnFailureTestExecutionListener, org.springframework.boot.test.autoconfigure.web.servlet.WebDriverTestExecutionListener, org.springframework.boot.test.autoconfigure.webservices.client.MockWebServiceServerTestExecutionListener, org.springframework.test.context.web.ServletTestExecutionListener, org.springframework.test.context.support.DirtiesContextBeforeModesTestExecutionListener, org.springframework.test.context.event.ApplicationEventsTestExecutionListener, org.springframework.test.context.support.DependencyInjectionTestExecutionListener, org.springframework.test.context.support.DirtiesContextTestExecutionListener, org.springframework.test.context.transaction.TransactionalTestExecutionListener, org.springframework.test.context.jdbc.SqlScriptsTestExecutionListener, org.springframework.test.context.event.EventPublishingTestExecutionListener]
""2022-07-29 18:58:53 [main] INFO  o.s.b.t.c.SpringBootTestContextBootstrapper - Using TestExecutionListeners: [org.springframework.test.context.web.ServletTestExecutionListener@2a3de2b, org.springframework.test.context.support.DirtiesContextBeforeModesTestExecutionListener@22a9fa23, org.springframework.test.context.event.ApplicationEventsTestExecutionListener@7859bd9a, org.springframework.boot.test.mock.mockito.MockitoTestExecutionListener@4ad0465c, org.springframework.boot.test.autoconfigure.SpringBootDependencyInjectionTestExecutionListener@561e8bab, org.springframework.test.context.support.DirtiesContextTestExecutionListener@3b8b1ba9, org.springframework.test.context.transaction.TransactionalTestExecutionListener@e8bd42f, org.springframework.test.context.jdbc.SqlScriptsTestExecutionListener@46219104, org.springframework.test.context.event.EventPublishingTestExecutionListener@64c009b8, org.springframework.boot.test.mock.mockito.ResetMocksTestExecutionListener@77510da, org.springframework.boot.test.autoconfigure.restdocs.RestDocsTestExecutionListener@570f96b7, org.springframework.boot.test.autoconfigure.web.client.MockRestServiceServerResetTestExecutionListener@1dec84e3, org.springframework.boot.test.autoconfigure.web.servlet.MockMvcPrintOnlyOnFailureTestExecutionListener@7985c32f, org.springframework.boot.test.autoconfigure.web.servlet.WebDriverTestExecutionListener@56d9ef05, org.springframework.boot.test.autoconfigure.webservices.client.MockWebServiceServerTestExecutionListener@7d487147]
""2022-07-29 18:58:53 [main] INFO  o.s.b.t.c.SpringBootTestContextBootstrapper - Neither @ContextConfiguration nor @ContextHierarchy found for test class [com.cts.dailyshareprice.service.StockServiceTest], using SpringBootContextLoader
""2022-07-29 18:58:53 [main] INFO  o.s.t.c.s.AbstractContextLoader - Could not detect default resource locations for test class [com.cts.dailyshareprice.service.StockServiceTest]: no resource found for suffixes {-context.xml, Context.groovy}.
""2022-07-29 18:58:53 [main] INFO  o.s.t.c.s.AnnotationConfigContextLoaderUtils - Could not detect default configuration classes for test class [com.cts.dailyshareprice.service.StockServiceTest]: StockServiceTest does not declare any static, non-private, non-final, nested classes annotated with @Configuration.
""2022-07-29 18:58:53 [main] INFO  o.s.b.t.c.SpringBootTestContextBootstrapper - Found @SpringBootConfiguration com.cts.dailyshareprice.DailySharePriceApplication for test class com.cts.dailyshareprice.service.StockServiceTest
""2022-07-29 18:58:53 [main] INFO  o.s.b.t.c.SpringBootTestContextBootstrapper - Loaded default TestExecutionListener class names from location [META-INF/spring.factories]: [org.springframework.boot.test.mock.mockito.MockitoTestExecutionListener, org.springframework.boot.test.mock.mockito.ResetMocksTestExecutionListener, org.springframework.boot.test.autoconfigure.restdocs.RestDocsTestExecutionListener, org.springframework.boot.test.autoconfigure.web.client.MockRestServiceServerResetTestExecutionListener, org.springframework.boot.test.autoconfigure.web.servlet.MockMvcPrintOnlyOnFailureTestExecutionListener, org.springframework.boot.test.autoconfigure.web.servlet.WebDriverTestExecutionListener, org.springframework.boot.test.autoconfigure.webservices.client.MockWebServiceServerTestExecutionListener, org.springframework.test.context.web.ServletTestExecutionListener, org.springframework.test.context.support.DirtiesContextBeforeModesTestExecutionListener, org.springframework.test.context.event.ApplicationEventsTestExecutionListener, org.springframework.test.context.support.DependencyInjectionTestExecutionListener, org.springframework.test.context.support.DirtiesContextTestExecutionListener, org.springframework.test.context.transaction.TransactionalTestExecutionListener, org.springframework.test.context.jdbc.SqlScriptsTestExecutionListener, org.springframework.test.context.event.EventPublishingTestExecutionListener]
""2022-07-29 18:58:53 [main] INFO  o.s.b.t.c.SpringBootTestContextBootstrapper - Using TestExecutionListeners: [org.springframework.test.context.web.ServletTestExecutionListener@5a1216b0, org.springframework.test.context.support.DirtiesContextBeforeModesTestExecutionListener@5c4404dd, org.springframework.test.context.event.ApplicationEventsTestExecutionListener@76a2db3f, org.springframework.boot.test.mock.mockito.MockitoTestExecutionListener@8cc5602, org.springframework.boot.test.autoconfigure.SpringBootDependencyInjectionTestExecutionListener@4221663d, org.springframework.test.context.support.DirtiesContextTestExecutionListener@3ebfe048, org.springframework.test.context.transaction.TransactionalTestExecutionListener@5e24af83, org.springframework.test.context.jdbc.SqlScriptsTestExecutionListener@34329e03, org.springframework.test.context.event.EventPublishingTestExecutionListener@7d6b0636, org.springframework.boot.test.mock.mockito.ResetMocksTestExecutionListener@3c971473, org.springframework.boot.test.autoconfigure.restdocs.RestDocsTestExecutionListener@47b4fcd5, org.springframework.boot.test.autoconfigure.web.client.MockRestServiceServerResetTestExecutionListener@67d6b0a6, org.springframework.boot.test.autoconfigure.web.servlet.MockMvcPrintOnlyOnFailureTestExecutionListener@42a940dc, org.springframework.boot.test.autoconfigure.web.servlet.WebDriverTestExecutionListener@4619e076, org.springframework.boot.test.autoconfigure.webservices.client.MockWebServiceServerTestExecutionListener@26abee34]
""2022-07-29 18:58:54 [main] INFO  c.c.d.service.StockServiceTest - Starting StockServiceTest using Java 17.0.3 on DESKTOP-VUG3GVB with PID 5156 (started by VANU in E:\cts ManHandsOn\Portfolio Management\DailySharePrice)
""2022-07-29 18:58:54 [main] INFO  c.c.d.service.StockServiceTest - No active profile set, falling back to 1 default profile: "default"
""2022-07-29 18:58:54 [main] INFO  o.s.d.r.c.RepositoryConfigurationDelegate - Bootstrapping Spring Data JPA repositories in DEFAULT mode.
""2022-07-29 18:58:54 [main] INFO  o.s.d.r.c.RepositoryConfigurationDelegate - Finished Spring Data repository scanning in 16 ms. Found 1 JPA repository interfaces.
""2022-07-29 18:58:54 [main] INFO  o.s.cloud.context.scope.GenericScope - BeanFactory id=f4308707-7b6d-39d8-ac87-a1c3f3f5421d
""2022-07-29 18:58:55 [main] INFO  com.zaxxer.hikari.HikariDataSource - HikariPool-2 - Starting...
""2022-07-29 18:58:55 [main] INFO  com.zaxxer.hikari.HikariDataSource - HikariPool-2 - Start completed.
""2022-07-29 18:58:55 [main] INFO  o.h.jpa.internal.util.LogHelper - HHH000204: Processing PersistenceUnitInfo [name: default]
""2022-07-29 18:58:55 [main] INFO  org.hibernate.dialect.Dialect - HHH000400: Using dialect: org.hibernate.dialect.H2Dialect
""2022-07-29 18:58:55 [main] INFO  o.h.e.t.j.p.i.JtaPlatformInitiator - HHH000490: Using JtaPlatform implementation: [org.hibernate.engine.transaction.jta.platform.internal.NoJtaPlatform]
""2022-07-29 18:58:55 [main] INFO  o.s.o.j.LocalContainerEntityManagerFactoryBean - Initialized JPA EntityManagerFactory for persistence unit 'default'
""2022-07-29 18:58:55 [main] WARN  o.s.b.a.o.j.JpaBaseConfiguration$JpaWebConfiguration - spring.jpa.open-in-view is enabled by default. Therefore, database queries may be performed during view rendering. Explicitly configure spring.jpa.open-in-view to disable this warning
""2022-07-29 18:58:55 [main] INFO  o.s.b.a.h.H2ConsoleAutoConfiguration - H2 console available at '/h2-console'. Database available at 'jdbc:h2:mem:pms'
""2022-07-29 18:58:57 [main] INFO  c.c.d.service.StockServiceTest - Started StockServiceTest in 3.324 seconds (JVM running for 19.236)
""2022-07-29 18:58:57 [SpringApplicationShutdownHook] INFO  o.s.o.j.LocalContainerEntityManagerFactoryBean - Closing JPA EntityManagerFactory for persistence unit 'default'
""2022-07-29 18:58:57 [SpringApplicationShutdownHook] INFO  com.zaxxer.hikari.HikariDataSource - HikariPool-1 - Shutdown initiated...
""2022-07-29 18:58:57 [SpringApplicationShutdownHook] INFO  com.zaxxer.hikari.HikariDataSource - HikariPool-1 - Shutdown completed.
""2022-07-29 18:58:57 [SpringApplicationShutdownHook] INFO  o.s.o.j.LocalContainerEntityManagerFactoryBean - Closing JPA EntityManagerFactory for persistence unit 'default'
""2022-07-29 18:58:57 [SpringApplicationShutdownHook] INFO  com.zaxxer.hikari.HikariDataSource - HikariPool-2 - Shutdown initiated...
""2022-07-29 18:58:57 [SpringApplicationShutdownHook] INFO  com.zaxxer.hikari.HikariDataSource - HikariPool-2 - Shutdown completed.
""2022-07-29 19:01:36 [main] INFO  c.c.d.controller.StockControllerTest - Starting StockControllerTest using Java 17.0.3 on DESKTOP-VUG3GVB with PID 2580 (started by VANU in E:\cts ManHandsOn\Portfolio Management\DailySharePrice)
""2022-07-29 19:01:36 [main] INFO  c.c.d.controller.StockControllerTest - No active profile set, falling back to 1 default profile: "default"
""2022-07-29 19:01:39 [main] INFO  o.s.b.t.m.w.SpringBootMockServletContext - Initializing Spring TestDispatcherServlet ''
""2022-07-29 19:01:39 [main] INFO  o.s.t.w.s.TestDispatcherServlet - Initializing Servlet ''
""2022-07-29 19:01:39 [main] INFO  o.s.t.w.s.TestDispatcherServlet - Completed initialization in 12 ms
""2022-07-29 19:01:39 [main] INFO  c.c.d.controller.StockControllerTest - Started StockControllerTest in 3.995 seconds (JVM running for 5.806)
""2022-07-29 19:01:40 [main] INFO  c.c.d.controller.StockController - fetching Stock Details using stockName
""2022-07-29 19:01:40 [main] INFO  o.s.b.t.c.SpringBootTestContextBootstrapper - Neither @ContextConfiguration nor @ContextHierarchy found for test class [com.cts.dailyshareprice.DailySharePriceApplicationTests], using SpringBootContextLoader
""2022-07-29 19:01:40 [main] INFO  o.s.t.c.s.AbstractContextLoader - Could not detect default resource locations for test class [com.cts.dailyshareprice.DailySharePriceApplicationTests]: no resource found for suffixes {-context.xml, Context.groovy}.
""2022-07-29 19:01:40 [main] INFO  o.s.t.c.s.AnnotationConfigContextLoaderUtils - Could not detect default configuration classes for test class [com.cts.dailyshareprice.DailySharePriceApplicationTests]: DailySharePriceApplicationTests does not declare any static, non-private, non-final, nested classes annotated with @Configuration.
""2022-07-29 19:01:40 [main] INFO  o.s.b.t.c.SpringBootTestContextBootstrapper - Found @SpringBootConfiguration com.cts.dailyshareprice.DailySharePriceApplication for test class com.cts.dailyshareprice.DailySharePriceApplicationTests
""2022-07-29 19:01:40 [main] INFO  o.s.b.t.c.SpringBootTestContextBootstrapper - Loaded default TestExecutionListener class names from location [META-INF/spring.factories]: [org.springframework.boot.test.mock.mockito.MockitoTestExecutionListener, org.springframework.boot.test.mock.mockito.ResetMocksTestExecutionListener, org.springframework.boot.test.autoconfigure.restdocs.RestDocsTestExecutionListener, org.springframework.boot.test.autoconfigure.web.client.MockRestServiceServerResetTestExecutionListener, org.springframework.boot.test.autoconfigure.web.servlet.MockMvcPrintOnlyOnFailureTestExecutionListener, org.springframework.boot.test.autoconfigure.web.servlet.WebDriverTestExecutionListener, org.springframework.boot.test.autoconfigure.webservices.client.MockWebServiceServerTestExecutionListener, org.springframework.test.context.web.ServletTestExecutionListener, org.springframework.test.context.support.DirtiesContextBeforeModesTestExecutionListener, org.springframework.test.context.event.ApplicationEventsTestExecutionListener, org.springframework.test.context.support.DependencyInjectionTestExecutionListener, org.springframework.test.context.support.DirtiesContextTestExecutionListener, org.springframework.test.context.transaction.TransactionalTestExecutionListener, org.springframework.test.context.jdbc.SqlScriptsTestExecutionListener, org.springframework.test.context.event.EventPublishingTestExecutionListener]
""2022-07-29 19:01:40 [main] INFO  o.s.b.t.c.SpringBootTestContextBootstrapper - Using TestExecutionListeners: [org.springframework.test.context.web.ServletTestExecutionListener@537451d5, org.springframework.test.context.support.DirtiesContextBeforeModesTestExecutionListener@785d6a98, org.springframework.test.context.event.ApplicationEventsTestExecutionListener@614d7fbf, org.springframework.boot.test.mock.mockito.MockitoTestExecutionListener@6c06b1bc, org.springframework.boot.test.autoconfigure.SpringBootDependencyInjectionTestExecutionListener@1d8dbf10, org.springframework.test.context.support.DirtiesContextTestExecutionListener@e171f93, org.springframework.test.context.transaction.TransactionalTestExecutionListener@4ad3969, org.springframework.test.context.jdbc.SqlScriptsTestExecutionListener@5d7ff311, org.springframework.test.context.event.EventPublishingTestExecutionListener@2d7aa291, org.springframework.boot.test.mock.mockito.ResetMocksTestExecutionListener@1ba7db2a, org.springframework.boot.test.autoconfigure.restdocs.RestDocsTestExecutionListener@762cdf46, org.springframework.boot.test.autoconfigure.web.client.MockRestServiceServerResetTestExecutionListener@54e94de9, org.springframework.boot.test.autoconfigure.web.servlet.MockMvcPrintOnlyOnFailureTestExecutionListener@2cff03cf, org.springframework.boot.test.autoconfigure.web.servlet.WebDriverTestExecutionListener@924f3f1, org.springframework.boot.test.autoconfigure.webservices.client.MockWebServiceServerTestExecutionListener@19e2db7c]
""2022-07-29 19:01:40 [main] INFO  c.c.d.DailySharePriceApplicationTests - Starting DailySharePriceApplicationTests using Java 17.0.3 on DESKTOP-VUG3GVB with PID 2580 (started by VANU in E:\cts ManHandsOn\Portfolio Management\DailySharePrice)
""2022-07-29 19:01:40 [main] INFO  c.c.d.DailySharePriceApplicationTests - No active profile set, falling back to 1 default profile: "default"
""2022-07-29 19:01:41 [main] INFO  o.s.d.r.c.RepositoryConfigurationDelegate - Bootstrapping Spring Data JPA repositories in DEFAULT mode.
""2022-07-29 19:01:41 [main] INFO  o.s.d.r.c.RepositoryConfigurationDelegate - Finished Spring Data repository scanning in 73 ms. Found 1 JPA repository interfaces.
""2022-07-29 19:01:41 [main] INFO  o.s.cloud.context.scope.GenericScope - BeanFactory id=f4308707-7b6d-39d8-ac87-a1c3f3f5421d
""2022-07-29 19:01:42 [main] INFO  com.zaxxer.hikari.HikariDataSource - HikariPool-1 - Starting...
""2022-07-29 19:01:42 [main] INFO  com.zaxxer.hikari.HikariDataSource - HikariPool-1 - Start completed.
""2022-07-29 19:01:42 [main] INFO  o.h.jpa.internal.util.LogHelper - HHH000204: Processing PersistenceUnitInfo [name: default]
""2022-07-29 19:01:42 [main] INFO  org.hibernate.Version - HHH000412: Hibernate ORM core version 5.6.9.Final
""2022-07-29 19:01:42 [main] INFO  o.h.annotations.common.Version - HCANN000001: Hibernate Commons Annotations {5.1.2.Final}
""2022-07-29 19:01:43 [main] INFO  org.hibernate.dialect.Dialect - HHH000400: Using dialect: org.hibernate.dialect.H2Dialect
""2022-07-29 19:01:43 [main] INFO  o.h.e.t.j.p.i.JtaPlatformInitiator - HHH000490: Using JtaPlatform implementation: [org.hibernate.engine.transaction.jta.platform.internal.NoJtaPlatform]
""2022-07-29 19:01:43 [main] INFO  o.s.o.j.LocalContainerEntityManagerFactoryBean - Initialized JPA EntityManagerFactory for persistence unit 'default'
""2022-07-29 19:01:43 [main] WARN  o.s.b.a.o.j.JpaBaseConfiguration$JpaWebConfiguration - spring.jpa.open-in-view is enabled by default. Therefore, database queries may be performed during view rendering. Explicitly configure spring.jpa.open-in-view to disable this warning
""2022-07-29 19:01:43 [main] INFO  o.s.b.a.h.H2ConsoleAutoConfiguration - H2 console available at '/h2-console'. Database available at 'jdbc:h2:mem:pms'
""2022-07-29 19:01:45 [main] INFO  c.c.d.DailySharePriceApplicationTests - Started DailySharePriceApplicationTests in 5.382 seconds (JVM running for 11.551)
""2022-07-29 19:01:45 [main] INFO  o.s.b.t.c.SpringBootTestContextBootstrapper - Neither @ContextConfiguration nor @ContextHierarchy found for test class [com.cts.dailyshareprice.model.StockTest], using SpringBootContextLoader
""2022-07-29 19:01:45 [main] INFO  o.s.t.c.s.AbstractContextLoader - Could not detect default resource locations for test class [com.cts.dailyshareprice.model.StockTest]: no resource found for suffixes {-context.xml, Context.groovy}.
""2022-07-29 19:01:45 [main] INFO  o.s.t.c.s.AnnotationConfigContextLoaderUtils - Could not detect default configuration classes for test class [com.cts.dailyshareprice.model.StockTest]: StockTest does not declare any static, non-private, non-final, nested classes annotated with @Configuration.
""2022-07-29 19:01:45 [main] INFO  o.s.b.t.c.SpringBootTestContextBootstrapper - Found @SpringBootConfiguration com.cts.dailyshareprice.DailySharePriceApplication for test class com.cts.dailyshareprice.model.StockTest
""2022-07-29 19:01:45 [main] INFO  o.s.b.t.c.SpringBootTestContextBootstrapper - Loaded default TestExecutionListener class names from location [META-INF/spring.factories]: [org.springframework.boot.test.mock.mockito.MockitoTestExecutionListener, org.springframework.boot.test.mock.mockito.ResetMocksTestExecutionListener, org.springframework.boot.test.autoconfigure.restdocs.RestDocsTestExecutionListener, org.springframework.boot.test.autoconfigure.web.client.MockRestServiceServerResetTestExecutionListener, org.springframework.boot.test.autoconfigure.web.servlet.MockMvcPrintOnlyOnFailureTestExecutionListener, org.springframework.boot.test.autoconfigure.web.servlet.WebDriverTestExecutionListener, org.springframework.boot.test.autoconfigure.webservices.client.MockWebServiceServerTestExecutionListener, org.springframework.test.context.web.ServletTestExecutionListener, org.springframework.test.context.support.DirtiesContextBeforeModesTestExecutionListener, org.springframework.test.context.event.ApplicationEventsTestExecutionListener, org.springframework.test.context.support.DependencyInjectionTestExecutionListener, org.springframework.test.context.support.DirtiesContextTestExecutionListener, org.springframework.test.context.transaction.TransactionalTestExecutionListener, org.springframework.test.context.jdbc.SqlScriptsTestExecutionListener, org.springframework.test.context.event.EventPublishingTestExecutionListener]
""2022-07-29 19:01:45 [main] INFO  o.s.b.t.c.SpringBootTestContextBootstrapper - Using TestExecutionListeners: [org.springframework.test.context.web.ServletTestExecutionListener@5524e471, org.springframework.test.context.support.DirtiesContextBeforeModesTestExecutionListener@3b6d94fc, org.springframework.test.context.event.ApplicationEventsTestExecutionListener@71c77042, org.springframework.boot.test.mock.mockito.MockitoTestExecutionListener@665fb1d8, org.springframework.boot.test.autoconfigure.SpringBootDependencyInjectionTestExecutionListener@142ac60e, org.springframework.test.context.support.DirtiesContextTestExecutionListener@43376a03, org.springframework.test.context.transaction.TransactionalTestExecutionListener@9b84747, org.springframework.test.context.jdbc.SqlScriptsTestExecutionListener@1272f6d9, org.springframework.test.context.event.EventPublishingTestExecutionListener@50aa482f, org.springframework.boot.test.mock.mockito.ResetMocksTestExecutionListener@2835574b, org.springframework.boot.test.autoconfigure.restdocs.RestDocsTestExecutionListener@63fcbf75, org.springframework.boot.test.autoconfigure.web.client.MockRestServiceServerResetTestExecutionListener@663d59ed, org.springframework.boot.test.autoconfigure.web.servlet.MockMvcPrintOnlyOnFailureTestExecutionListener@64d49e35, org.springframework.boot.test.autoconfigure.web.servlet.WebDriverTestExecutionListener@665902eb, org.springframework.boot.test.autoconfigure.webservices.client.MockWebServiceServerTestExecutionListener@60580e42]
""2022-07-29 19:01:45 [main] INFO  o.s.b.t.c.SpringBootTestContextBootstrapper - Neither @ContextConfiguration nor @ContextHierarchy found for test class [com.cts.dailyshareprice.service.StockServiceTest], using SpringBootContextLoader
""2022-07-29 19:01:45 [main] INFO  o.s.t.c.s.AbstractContextLoader - Could not detect default resource locations for test class [com.cts.dailyshareprice.service.StockServiceTest]: no resource found for suffixes {-context.xml, Context.groovy}.
""2022-07-29 19:01:45 [main] INFO  o.s.t.c.s.AnnotationConfigContextLoaderUtils - Could not detect default configuration classes for test class [com.cts.dailyshareprice.service.StockServiceTest]: StockServiceTest does not declare any static, non-private, non-final, nested classes annotated with @Configuration.
""2022-07-29 19:01:45 [main] INFO  o.s.b.t.c.SpringBootTestContextBootstrapper - Found @SpringBootConfiguration com.cts.dailyshareprice.DailySharePriceApplication for test class com.cts.dailyshareprice.service.StockServiceTest
""2022-07-29 19:01:45 [main] INFO  o.s.b.t.c.SpringBootTestContextBootstrapper - Loaded default TestExecutionListener class names from location [META-INF/spring.factories]: [org.springframework.boot.test.mock.mockito.MockitoTestExecutionListener, org.springframework.boot.test.mock.mockito.ResetMocksTestExecutionListener, org.springframework.boot.test.autoconfigure.restdocs.RestDocsTestExecutionListener, org.springframework.boot.test.autoconfigure.web.client.MockRestServiceServerResetTestExecutionListener, org.springframework.boot.test.autoconfigure.web.servlet.MockMvcPrintOnlyOnFailureTestExecutionListener, org.springframework.boot.test.autoconfigure.web.servlet.WebDriverTestExecutionListener, org.springframework.boot.test.autoconfigure.webservices.client.MockWebServiceServerTestExecutionListener, org.springframework.test.context.web.ServletTestExecutionListener, org.springframework.test.context.support.DirtiesContextBeforeModesTestExecutionListener, org.springframework.test.context.event.ApplicationEventsTestExecutionListener, org.springframework.test.context.support.DependencyInjectionTestExecutionListener, org.springframework.test.context.support.DirtiesContextTestExecutionListener, org.springframework.test.context.transaction.TransactionalTestExecutionListener, org.springframework.test.context.jdbc.SqlScriptsTestExecutionListener, org.springframework.test.context.event.EventPublishingTestExecutionListener]
""2022-07-29 19:01:45 [main] INFO  o.s.b.t.c.SpringBootTestContextBootstrapper - Using TestExecutionListeners: [org.springframework.test.context.web.ServletTestExecutionListener@55154761, org.springframework.test.context.support.DirtiesContextBeforeModesTestExecutionListener@304e83a, org.springframework.test.context.event.ApplicationEventsTestExecutionListener@5e9db5e7, org.springframework.boot.test.mock.mockito.MockitoTestExecutionListener@5fd8302e, org.springframework.boot.test.autoconfigure.SpringBootDependencyInjectionTestExecutionListener@20894afb, org.springframework.test.context.support.DirtiesContextTestExecutionListener@46823e8, org.springframework.test.context.transaction.TransactionalTestExecutionListener@37e99c0f, org.springframework.test.context.jdbc.SqlScriptsTestExecutionListener@29ae939c, org.springframework.test.context.event.EventPublishingTestExecutionListener@439acac0, org.springframework.boot.test.mock.mockito.ResetMocksTestExecutionListener@6a8d638, org.springframework.boot.test.autoconfigure.restdocs.RestDocsTestExecutionListener@7d5a3b06, org.springframework.boot.test.autoconfigure.web.client.MockRestServiceServerResetTestExecutionListener@20b56542, org.springframework.boot.test.autoconfigure.web.servlet.MockMvcPrintOnlyOnFailureTestExecutionListener@35ec675e, org.springframework.boot.test.autoconfigure.web.servlet.WebDriverTestExecutionListener@75b57ecd, org.springframework.boot.test.autoconfigure.webservices.client.MockWebServiceServerTestExecutionListener@591be976]
""2022-07-29 19:01:46 [main] INFO  c.c.d.service.StockServiceTest - Starting StockServiceTest using Java 17.0.3 on DESKTOP-VUG3GVB with PID 2580 (started by VANU in E:\cts ManHandsOn\Portfolio Management\DailySharePrice)
""2022-07-29 19:01:46 [main] INFO  c.c.d.service.StockServiceTest - No active profile set, falling back to 1 default profile: "default"
""2022-07-29 19:01:46 [main] INFO  o.s.d.r.c.RepositoryConfigurationDelegate - Bootstrapping Spring Data JPA repositories in DEFAULT mode.
""2022-07-29 19:01:46 [main] INFO  o.s.d.r.c.RepositoryConfigurationDelegate - Finished Spring Data repository scanning in 12 ms. Found 1 JPA repository interfaces.
""2022-07-29 19:01:46 [main] INFO  o.s.cloud.context.scope.GenericScope - BeanFactory id=f4308707-7b6d-39d8-ac87-a1c3f3f5421d
""2022-07-29 19:01:47 [main] INFO  com.zaxxer.hikari.HikariDataSource - HikariPool-2 - Starting...
""2022-07-29 19:01:47 [main] INFO  com.zaxxer.hikari.HikariDataSource - HikariPool-2 - Start completed.
""2022-07-29 19:01:47 [main] INFO  o.h.jpa.internal.util.LogHelper - HHH000204: Processing PersistenceUnitInfo [name: default]
""2022-07-29 19:01:47 [main] INFO  org.hibernate.dialect.Dialect - HHH000400: Using dialect: org.hibernate.dialect.H2Dialect
""2022-07-29 19:01:47 [main] INFO  o.h.e.t.j.p.i.JtaPlatformInitiator - HHH000490: Using JtaPlatform implementation: [org.hibernate.engine.transaction.jta.platform.internal.NoJtaPlatform]
""2022-07-29 19:01:47 [main] INFO  o.s.o.j.LocalContainerEntityManagerFactoryBean - Initialized JPA EntityManagerFactory for persistence unit 'default'
""2022-07-29 19:01:47 [main] WARN  o.s.b.a.o.j.JpaBaseConfiguration$JpaWebConfiguration - spring.jpa.open-in-view is enabled by default. Therefore, database queries may be performed during view rendering. Explicitly configure spring.jpa.open-in-view to disable this warning
""2022-07-29 19:01:47 [main] INFO  o.s.b.a.h.H2ConsoleAutoConfiguration - H2 console available at '/h2-console'. Database available at 'jdbc:h2:mem:pms'
""2022-07-29 19:01:48 [main] INFO  c.c.d.service.StockServiceTest - Started StockServiceTest in 3.127 seconds (JVM running for 14.937)
""2022-07-29 19:01:49 [SpringApplicationShutdownHook] INFO  o.s.o.j.LocalContainerEntityManagerFactoryBean - Closing JPA EntityManagerFactory for persistence unit 'default'
""2022-07-29 19:01:49 [SpringApplicationShutdownHook] INFO  com.zaxxer.hikari.HikariDataSource - HikariPool-1 - Shutdown initiated...
""2022-07-29 19:01:49 [SpringApplicationShutdownHook] INFO  com.zaxxer.hikari.HikariDataSource - HikariPool-1 - Shutdown completed.
""2022-07-29 19:01:49 [SpringApplicationShutdownHook] INFO  o.s.o.j.LocalContainerEntityManagerFactoryBean - Closing JPA EntityManagerFactory for persistence unit 'default'
""2022-07-29 19:01:49 [SpringApplicationShutdownHook] INFO  com.zaxxer.hikari.HikariDataSource - HikariPool-2 - Shutdown initiated...
""2022-07-29 19:01:49 [SpringApplicationShutdownHook] INFO  com.zaxxer.hikari.HikariDataSource - HikariPool-2 - Shutdown completed.
""2022-07-29 19:04:34 [main] INFO  c.c.d.controller.StockControllerTest - Starting StockControllerTest using Java 17.0.3 on DESKTOP-VUG3GVB with PID 19480 (started by VANU in E:\cts ManHandsOn\Portfolio Management\DailySharePrice)
""2022-07-29 19:04:34 [main] INFO  c.c.d.controller.StockControllerTest - No active profile set, falling back to 1 default profile: "default"
""2022-07-29 19:04:36 [main] INFO  o.s.b.t.m.w.SpringBootMockServletContext - Initializing Spring TestDispatcherServlet ''
""2022-07-29 19:04:36 [main] INFO  o.s.t.w.s.TestDispatcherServlet - Initializing Servlet ''
""2022-07-29 19:04:36 [main] INFO  o.s.t.w.s.TestDispatcherServlet - Completed initialization in 5 ms
""2022-07-29 19:04:37 [main] INFO  c.c.d.controller.StockControllerTest - Started StockControllerTest in 4.068 seconds (JVM running for 5.184)
""2022-07-29 19:04:37 [main] INFO  c.c.d.controller.StockController - fetching Stock Details using stockName
""2022-07-29 19:04:37 [main] INFO  o.s.b.t.c.SpringBootTestContextBootstrapper - Neither @ContextConfiguration nor @ContextHierarchy found for test class [com.cts.dailyshareprice.DailySharePriceApplicationTests], using SpringBootContextLoader
""2022-07-29 19:04:37 [main] INFO  o.s.t.c.s.AbstractContextLoader - Could not detect default resource locations for test class [com.cts.dailyshareprice.DailySharePriceApplicationTests]: no resource found for suffixes {-context.xml, Context.groovy}.
""2022-07-29 19:04:37 [main] INFO  o.s.t.c.s.AnnotationConfigContextLoaderUtils - Could not detect default configuration classes for test class [com.cts.dailyshareprice.DailySharePriceApplicationTests]: DailySharePriceApplicationTests does not declare any static, non-private, non-final, nested classes annotated with @Configuration.
""2022-07-29 19:04:37 [main] INFO  o.s.b.t.c.SpringBootTestContextBootstrapper - Found @SpringBootConfiguration com.cts.dailyshareprice.DailySharePriceApplication for test class com.cts.dailyshareprice.DailySharePriceApplicationTests
""2022-07-29 19:04:37 [main] INFO  o.s.b.t.c.SpringBootTestContextBootstrapper - Loaded default TestExecutionListener class names from location [META-INF/spring.factories]: [org.springframework.boot.test.mock.mockito.MockitoTestExecutionListener, org.springframework.boot.test.mock.mockito.ResetMocksTestExecutionListener, org.springframework.boot.test.autoconfigure.restdocs.RestDocsTestExecutionListener, org.springframework.boot.test.autoconfigure.web.client.MockRestServiceServerResetTestExecutionListener, org.springframework.boot.test.autoconfigure.web.servlet.MockMvcPrintOnlyOnFailureTestExecutionListener, org.springframework.boot.test.autoconfigure.web.servlet.WebDriverTestExecutionListener, org.springframework.boot.test.autoconfigure.webservices.client.MockWebServiceServerTestExecutionListener, org.springframework.test.context.web.ServletTestExecutionListener, org.springframework.test.context.support.DirtiesContextBeforeModesTestExecutionListener, org.springframework.test.context.event.ApplicationEventsTestExecutionListener, org.springframework.test.context.support.DependencyInjectionTestExecutionListener, org.springframework.test.context.support.DirtiesContextTestExecutionListener, org.springframework.test.context.transaction.TransactionalTestExecutionListener, org.springframework.test.context.jdbc.SqlScriptsTestExecutionListener, org.springframework.test.context.event.EventPublishingTestExecutionListener]
""2022-07-29 19:04:37 [main] INFO  o.s.b.t.c.SpringBootTestContextBootstrapper - Using TestExecutionListeners: [org.springframework.test.context.web.ServletTestExecutionListener@5e9ea380, org.springframework.test.context.support.DirtiesContextBeforeModesTestExecutionListener@1e50eb3f, org.springframework.test.context.event.ApplicationEventsTestExecutionListener@12e3f4ae, org.springframework.boot.test.mock.mockito.MockitoTestExecutionListener@537451d5, org.springframework.boot.test.autoconfigure.SpringBootDependencyInjectionTestExecutionListener@785d6a98, org.springframework.test.context.support.DirtiesContextTestExecutionListener@614d7fbf, org.springframework.test.context.transaction.TransactionalTestExecutionListener@6c06b1bc, org.springframework.test.context.jdbc.SqlScriptsTestExecutionListener@1d8dbf10, org.springframework.test.context.event.EventPublishingTestExecutionListener@e171f93, org.springframework.boot.test.mock.mockito.ResetMocksTestExecutionListener@4ad3969, org.springframework.boot.test.autoconfigure.restdocs.RestDocsTestExecutionListener@5d7ff311, org.springframework.boot.test.autoconfigure.web.client.MockRestServiceServerResetTestExecutionListener@2d7aa291, org.springframework.boot.test.autoconfigure.web.servlet.MockMvcPrintOnlyOnFailureTestExecutionListener@1ba7db2a, org.springframework.boot.test.autoconfigure.web.servlet.WebDriverTestExecutionListener@762cdf46, org.springframework.boot.test.autoconfigure.webservices.client.MockWebServiceServerTestExecutionListener@54e94de9]
""2022-07-29 19:04:38 [main] INFO  c.c.d.DailySharePriceApplicationTests - Starting DailySharePriceApplicationTests using Java 17.0.3 on DESKTOP-VUG3GVB with PID 19480 (started by VANU in E:\cts ManHandsOn\Portfolio Management\DailySharePrice)
""2022-07-29 19:04:38 [main] INFO  c.c.d.DailySharePriceApplicationTests - No active profile set, falling back to 1 default profile: "default"
""2022-07-29 19:04:38 [main] INFO  o.s.d.r.c.RepositoryConfigurationDelegate - Bootstrapping Spring Data JPA repositories in DEFAULT mode.
""2022-07-29 19:04:39 [main] INFO  o.s.d.r.c.RepositoryConfigurationDelegate - Finished Spring Data repository scanning in 41 ms. Found 1 JPA repository interfaces.
""2022-07-29 19:04:39 [main] INFO  o.s.cloud.context.scope.GenericScope - BeanFactory id=f4308707-7b6d-39d8-ac87-a1c3f3f5421d
""2022-07-29 19:04:39 [main] INFO  com.zaxxer.hikari.HikariDataSource - HikariPool-1 - Starting...
""2022-07-29 19:04:39 [main] INFO  com.zaxxer.hikari.HikariDataSource - HikariPool-1 - Start completed.
""2022-07-29 19:04:39 [main] INFO  o.h.jpa.internal.util.LogHelper - HHH000204: Processing PersistenceUnitInfo [name: default]
""2022-07-29 19:04:39 [main] INFO  org.hibernate.Version - HHH000412: Hibernate ORM core version 5.6.9.Final
""2022-07-29 19:04:39 [main] INFO  o.h.annotations.common.Version - HCANN000001: Hibernate Commons Annotations {5.1.2.Final}
""2022-07-29 19:04:40 [main] INFO  org.hibernate.dialect.Dialect - HHH000400: Using dialect: org.hibernate.dialect.H2Dialect
""2022-07-29 19:04:40 [main] INFO  o.h.e.t.j.p.i.JtaPlatformInitiator - HHH000490: Using JtaPlatform implementation: [org.hibernate.engine.transaction.jta.platform.internal.NoJtaPlatform]
""2022-07-29 19:04:40 [main] INFO  o.s.o.j.LocalContainerEntityManagerFactoryBean - Initialized JPA EntityManagerFactory for persistence unit 'default'
""2022-07-29 19:04:40 [main] WARN  o.s.b.a.o.j.JpaBaseConfiguration$JpaWebConfiguration - spring.jpa.open-in-view is enabled by default. Therefore, database queries may be performed during view rendering. Explicitly configure spring.jpa.open-in-view to disable this warning
""2022-07-29 19:04:41 [main] INFO  o.s.b.a.h.H2ConsoleAutoConfiguration - H2 console available at '/h2-console'. Database available at 'jdbc:h2:mem:pms'
""2022-07-29 19:04:42 [main] INFO  c.c.d.DailySharePriceApplicationTests - Started DailySharePriceApplicationTests in 4.547 seconds (JVM running for 10.122)
""2022-07-29 19:04:42 [main] INFO  o.s.b.t.c.SpringBootTestContextBootstrapper - Neither @ContextConfiguration nor @ContextHierarchy found for test class [com.cts.dailyshareprice.model.StockTest], using SpringBootContextLoader
""2022-07-29 19:04:42 [main] INFO  o.s.t.c.s.AbstractContextLoader - Could not detect default resource locations for test class [com.cts.dailyshareprice.model.StockTest]: no resource found for suffixes {-context.xml, Context.groovy}.
""2022-07-29 19:04:42 [main] INFO  o.s.t.c.s.AnnotationConfigContextLoaderUtils - Could not detect default configuration classes for test class [com.cts.dailyshareprice.model.StockTest]: StockTest does not declare any static, non-private, non-final, nested classes annotated with @Configuration.
""2022-07-29 19:04:42 [main] INFO  o.s.b.t.c.SpringBootTestContextBootstrapper - Found @SpringBootConfiguration com.cts.dailyshareprice.DailySharePriceApplication for test class com.cts.dailyshareprice.model.StockTest
""2022-07-29 19:04:42 [main] INFO  o.s.b.t.c.SpringBootTestContextBootstrapper - Loaded default TestExecutionListener class names from location [META-INF/spring.factories]: [org.springframework.boot.test.mock.mockito.MockitoTestExecutionListener, org.springframework.boot.test.mock.mockito.ResetMocksTestExecutionListener, org.springframework.boot.test.autoconfigure.restdocs.RestDocsTestExecutionListener, org.springframework.boot.test.autoconfigure.web.client.MockRestServiceServerResetTestExecutionListener, org.springframework.boot.test.autoconfigure.web.servlet.MockMvcPrintOnlyOnFailureTestExecutionListener, org.springframework.boot.test.autoconfigure.web.servlet.WebDriverTestExecutionListener, org.springframework.boot.test.autoconfigure.webservices.client.MockWebServiceServerTestExecutionListener, org.springframework.test.context.web.ServletTestExecutionListener, org.springframework.test.context.support.DirtiesContextBeforeModesTestExecutionListener, org.springframework.test.context.event.ApplicationEventsTestExecutionListener, org.springframework.test.context.support.DependencyInjectionTestExecutionListener, org.springframework.test.context.support.DirtiesContextTestExecutionListener, org.springframework.test.context.transaction.TransactionalTestExecutionListener, org.springframework.test.context.jdbc.SqlScriptsTestExecutionListener, org.springframework.test.context.event.EventPublishingTestExecutionListener]
""2022-07-29 19:04:42 [main] INFO  o.s.b.t.c.SpringBootTestContextBootstrapper - Using TestExecutionListeners: [org.springframework.test.context.web.ServletTestExecutionListener@2d487df4, org.springframework.test.context.support.DirtiesContextBeforeModesTestExecutionListener@3a7e13c0, org.springframework.test.context.event.ApplicationEventsTestExecutionListener@5188c0f2, org.springframework.boot.test.mock.mockito.MockitoTestExecutionListener@5524e471, org.springframework.boot.test.autoconfigure.SpringBootDependencyInjectionTestExecutionListener@3b6d94fc, org.springframework.test.context.support.DirtiesContextTestExecutionListener@71c77042, org.springframework.test.context.transaction.TransactionalTestExecutionListener@665fb1d8, org.springframework.test.context.jdbc.SqlScriptsTestExecutionListener@142ac60e, org.springframework.test.context.event.EventPublishingTestExecutionListener@43376a03, org.springframework.boot.test.mock.mockito.ResetMocksTestExecutionListener@9b84747, org.springframework.boot.test.autoconfigure.restdocs.RestDocsTestExecutionListener@1272f6d9, org.springframework.boot.test.autoconfigure.web.client.MockRestServiceServerResetTestExecutionListener@50aa482f, org.springframework.boot.test.autoconfigure.web.servlet.MockMvcPrintOnlyOnFailureTestExecutionListener@2835574b, org.springframework.boot.test.autoconfigure.web.servlet.WebDriverTestExecutionListener@63fcbf75, org.springframework.boot.test.autoconfigure.webservices.client.MockWebServiceServerTestExecutionListener@663d59ed]
""2022-07-29 19:04:42 [main] INFO  o.s.b.t.c.SpringBootTestContextBootstrapper - Neither @ContextConfiguration nor @ContextHierarchy found for test class [com.cts.dailyshareprice.service.StockServiceTest], using SpringBootContextLoader
""2022-07-29 19:04:42 [main] INFO  o.s.t.c.s.AbstractContextLoader - Could not detect default resource locations for test class [com.cts.dailyshareprice.service.StockServiceTest]: no resource found for suffixes {-context.xml, Context.groovy}.
""2022-07-29 19:04:42 [main] INFO  o.s.t.c.s.AnnotationConfigContextLoaderUtils - Could not detect default configuration classes for test class [com.cts.dailyshareprice.service.StockServiceTest]: StockServiceTest does not declare any static, non-private, non-final, nested classes annotated with @Configuration.
""2022-07-29 19:04:42 [main] INFO  o.s.b.t.c.SpringBootTestContextBootstrapper - Found @SpringBootConfiguration com.cts.dailyshareprice.DailySharePriceApplication for test class com.cts.dailyshareprice.service.StockServiceTest
""2022-07-29 19:04:42 [main] INFO  o.s.b.t.c.SpringBootTestContextBootstrapper - Loaded default TestExecutionListener class names from location [META-INF/spring.factories]: [org.springframework.boot.test.mock.mockito.MockitoTestExecutionListener, org.springframework.boot.test.mock.mockito.ResetMocksTestExecutionListener, org.springframework.boot.test.autoconfigure.restdocs.RestDocsTestExecutionListener, org.springframework.boot.test.autoconfigure.web.client.MockRestServiceServerResetTestExecutionListener, org.springframework.boot.test.autoconfigure.web.servlet.MockMvcPrintOnlyOnFailureTestExecutionListener, org.springframework.boot.test.autoconfigure.web.servlet.WebDriverTestExecutionListener, org.springframework.boot.test.autoconfigure.webservices.client.MockWebServiceServerTestExecutionListener, org.springframework.test.context.web.ServletTestExecutionListener, org.springframework.test.context.support.DirtiesContextBeforeModesTestExecutionListener, org.springframework.test.context.event.ApplicationEventsTestExecutionListener, org.springframework.test.context.support.DependencyInjectionTestExecutionListener, org.springframework.test.context.support.DirtiesContextTestExecutionListener, org.springframework.test.context.transaction.TransactionalTestExecutionListener, org.springframework.test.context.jdbc.SqlScriptsTestExecutionListener, org.springframework.test.context.event.EventPublishingTestExecutionListener]
""2022-07-29 19:04:42 [main] INFO  o.s.b.t.c.SpringBootTestContextBootstrapper - Using TestExecutionListeners: [org.springframework.test.context.web.ServletTestExecutionListener@6b17aa0b, org.springframework.test.context.support.DirtiesContextBeforeModesTestExecutionListener@1009a9b4, org.springframework.test.context.event.ApplicationEventsTestExecutionListener@3796ca50, org.springframework.boot.test.mock.mockito.MockitoTestExecutionListener@55154761, org.springframework.boot.test.autoconfigure.SpringBootDependencyInjectionTestExecutionListener@304e83a, org.springframework.test.context.support.DirtiesContextTestExecutionListener@5e9db5e7, org.springframework.test.context.transaction.TransactionalTestExecutionListener@5fd8302e, org.springframework.test.context.jdbc.SqlScriptsTestExecutionListener@20894afb, org.springframework.test.context.event.EventPublishingTestExecutionListener@46823e8, org.springframework.boot.test.mock.mockito.ResetMocksTestExecutionListener@37e99c0f, org.springframework.boot.test.autoconfigure.restdocs.RestDocsTestExecutionListener@29ae939c, org.springframework.boot.test.autoconfigure.web.client.MockRestServiceServerResetTestExecutionListener@439acac0, org.springframework.boot.test.autoconfigure.web.servlet.MockMvcPrintOnlyOnFailureTestExecutionListener@6a8d638, org.springframework.boot.test.autoconfigure.web.servlet.WebDriverTestExecutionListener@7d5a3b06, org.springframework.boot.test.autoconfigure.webservices.client.MockWebServiceServerTestExecutionListener@20b56542]
""2022-07-29 19:04:43 [main] INFO  c.c.d.service.StockServiceTest - Starting StockServiceTest using Java 17.0.3 on DESKTOP-VUG3GVB with PID 19480 (started by VANU in E:\cts ManHandsOn\Portfolio Management\DailySharePrice)
""2022-07-29 19:04:43 [main] INFO  c.c.d.service.StockServiceTest - No active profile set, falling back to 1 default profile: "default"
""2022-07-29 19:04:43 [main] INFO  o.s.d.r.c.RepositoryConfigurationDelegate - Bootstrapping Spring Data JPA repositories in DEFAULT mode.
""2022-07-29 19:04:43 [main] INFO  o.s.d.r.c.RepositoryConfigurationDelegate - Finished Spring Data repository scanning in 16 ms. Found 1 JPA repository interfaces.
""2022-07-29 19:04:43 [main] INFO  o.s.cloud.context.scope.GenericScope - BeanFactory id=f4308707-7b6d-39d8-ac87-a1c3f3f5421d
""2022-07-29 19:04:44 [main] INFO  com.zaxxer.hikari.HikariDataSource - HikariPool-2 - Starting...
""2022-07-29 19:04:44 [main] INFO  com.zaxxer.hikari.HikariDataSource - HikariPool-2 - Start completed.
""2022-07-29 19:04:44 [main] INFO  o.h.jpa.internal.util.LogHelper - HHH000204: Processing PersistenceUnitInfo [name: default]
""2022-07-29 19:04:44 [main] INFO  org.hibernate.dialect.Dialect - HHH000400: Using dialect: org.hibernate.dialect.H2Dialect
""2022-07-29 19:04:44 [main] INFO  o.h.e.t.j.p.i.JtaPlatformInitiator - HHH000490: Using JtaPlatform implementation: [org.hibernate.engine.transaction.jta.platform.internal.NoJtaPlatform]
""2022-07-29 19:04:44 [main] INFO  o.s.o.j.LocalContainerEntityManagerFactoryBean - Initialized JPA EntityManagerFactory for persistence unit 'default'
""2022-07-29 19:04:44 [main] WARN  o.s.b.a.o.j.JpaBaseConfiguration$JpaWebConfiguration - spring.jpa.open-in-view is enabled by default. Therefore, database queries may be performed during view rendering. Explicitly configure spring.jpa.open-in-view to disable this warning
""2022-07-29 19:04:44 [main] INFO  o.s.b.a.h.H2ConsoleAutoConfiguration - H2 console available at '/h2-console'. Database available at 'jdbc:h2:mem:pms'
""2022-07-29 19:04:45 [main] INFO  c.c.d.service.StockServiceTest - Started StockServiceTest in 2.933 seconds (JVM running for 13.382)
""2022-07-29 19:04:45 [SpringApplicationShutdownHook] INFO  o.s.o.j.LocalContainerEntityManagerFactoryBean - Closing JPA EntityManagerFactory for persistence unit 'default'
""2022-07-29 19:04:45 [SpringApplicationShutdownHook] INFO  com.zaxxer.hikari.HikariDataSource - HikariPool-1 - Shutdown initiated...
""2022-07-29 19:04:45 [SpringApplicationShutdownHook] INFO  com.zaxxer.hikari.HikariDataSource - HikariPool-1 - Shutdown completed.
""2022-07-29 19:04:45 [SpringApplicationShutdownHook] INFO  o.s.o.j.LocalContainerEntityManagerFactoryBean - Closing JPA EntityManagerFactory for persistence unit 'default'
""2022-07-29 19:04:45 [SpringApplicationShutdownHook] INFO  com.zaxxer.hikari.HikariDataSource - HikariPool-2 - Shutdown initiated...
""2022-07-29 19:04:45 [SpringApplicationShutdownHook] INFO  com.zaxxer.hikari.HikariDataSource - HikariPool-2 - Shutdown completed.
""2022-07-29 19:07:37 [main] INFO  c.c.d.controller.StockControllerTest - Starting StockControllerTest using Java 17.0.3 on DESKTOP-VUG3GVB with PID 3628 (started by VANU in E:\cts ManHandsOn\Portfolio Management\DailySharePrice)
""2022-07-29 19:07:37 [main] INFO  c.c.d.controller.StockControllerTest - No active profile set, falling back to 1 default profile: "default"
""2022-07-29 19:07:40 [main] INFO  o.s.b.t.m.w.SpringBootMockServletContext - Initializing Spring TestDispatcherServlet ''
""2022-07-29 19:07:40 [main] INFO  o.s.t.w.s.TestDispatcherServlet - Initializing Servlet ''
""2022-07-29 19:07:40 [main] INFO  o.s.t.w.s.TestDispatcherServlet - Completed initialization in 3 ms
""2022-07-29 19:07:40 [main] INFO  c.c.d.controller.StockControllerTest - Started StockControllerTest in 3.851 seconds (JVM running for 4.957)
""2022-07-29 19:07:40 [main] INFO  c.c.d.controller.StockController - fetching Stock Details using stockName
""2022-07-29 19:07:41 [main] INFO  o.s.b.t.c.SpringBootTestContextBootstrapper - Neither @ContextConfiguration nor @ContextHierarchy found for test class [com.cts.dailyshareprice.DailySharePriceApplicationTests], using SpringBootContextLoader
""2022-07-29 19:07:41 [main] INFO  o.s.t.c.s.AbstractContextLoader - Could not detect default resource locations for test class [com.cts.dailyshareprice.DailySharePriceApplicationTests]: no resource found for suffixes {-context.xml, Context.groovy}.
""2022-07-29 19:07:41 [main] INFO  o.s.t.c.s.AnnotationConfigContextLoaderUtils - Could not detect default configuration classes for test class [com.cts.dailyshareprice.DailySharePriceApplicationTests]: DailySharePriceApplicationTests does not declare any static, non-private, non-final, nested classes annotated with @Configuration.
""2022-07-29 19:07:41 [main] INFO  o.s.b.t.c.SpringBootTestContextBootstrapper - Found @SpringBootConfiguration com.cts.dailyshareprice.DailySharePriceApplication for test class com.cts.dailyshareprice.DailySharePriceApplicationTests
""2022-07-29 19:07:41 [main] INFO  o.s.b.t.c.SpringBootTestContextBootstrapper - Loaded default TestExecutionListener class names from location [META-INF/spring.factories]: [org.springframework.boot.test.mock.mockito.MockitoTestExecutionListener, org.springframework.boot.test.mock.mockito.ResetMocksTestExecutionListener, org.springframework.boot.test.autoconfigure.restdocs.RestDocsTestExecutionListener, org.springframework.boot.test.autoconfigure.web.client.MockRestServiceServerResetTestExecutionListener, org.springframework.boot.test.autoconfigure.web.servlet.MockMvcPrintOnlyOnFailureTestExecutionListener, org.springframework.boot.test.autoconfigure.web.servlet.WebDriverTestExecutionListener, org.springframework.boot.test.autoconfigure.webservices.client.MockWebServiceServerTestExecutionListener, org.springframework.test.context.web.ServletTestExecutionListener, org.springframework.test.context.support.DirtiesContextBeforeModesTestExecutionListener, org.springframework.test.context.event.ApplicationEventsTestExecutionListener, org.springframework.test.context.support.DependencyInjectionTestExecutionListener, org.springframework.test.context.support.DirtiesContextTestExecutionListener, org.springframework.test.context.transaction.TransactionalTestExecutionListener, org.springframework.test.context.jdbc.SqlScriptsTestExecutionListener, org.springframework.test.context.event.EventPublishingTestExecutionListener]
""2022-07-29 19:07:41 [main] INFO  o.s.b.t.c.SpringBootTestContextBootstrapper - Using TestExecutionListeners: [org.springframework.test.context.web.ServletTestExecutionListener@537451d5, org.springframework.test.context.support.DirtiesContextBeforeModesTestExecutionListener@785d6a98, org.springframework.test.context.event.ApplicationEventsTestExecutionListener@614d7fbf, org.springframework.boot.test.mock.mockito.MockitoTestExecutionListener@6c06b1bc, org.springframework.boot.test.autoconfigure.SpringBootDependencyInjectionTestExecutionListener@1d8dbf10, org.springframework.test.context.support.DirtiesContextTestExecutionListener@e171f93, org.springframework.test.context.transaction.TransactionalTestExecutionListener@4ad3969, org.springframework.test.context.jdbc.SqlScriptsTestExecutionListener@5d7ff311, org.springframework.test.context.event.EventPublishingTestExecutionListener@2d7aa291, org.springframework.boot.test.mock.mockito.ResetMocksTestExecutionListener@1ba7db2a, org.springframework.boot.test.autoconfigure.restdocs.RestDocsTestExecutionListener@762cdf46, org.springframework.boot.test.autoconfigure.web.client.MockRestServiceServerResetTestExecutionListener@54e94de9, org.springframework.boot.test.autoconfigure.web.servlet.MockMvcPrintOnlyOnFailureTestExecutionListener@2cff03cf, org.springframework.boot.test.autoconfigure.web.servlet.WebDriverTestExecutionListener@924f3f1, org.springframework.boot.test.autoconfigure.webservices.client.MockWebServiceServerTestExecutionListener@19e2db7c]
""2022-07-29 19:07:41 [main] INFO  c.c.d.DailySharePriceApplicationTests - Starting DailySharePriceApplicationTests using Java 17.0.3 on DESKTOP-VUG3GVB with PID 3628 (started by VANU in E:\cts ManHandsOn\Portfolio Management\DailySharePrice)
""2022-07-29 19:07:41 [main] INFO  c.c.d.DailySharePriceApplicationTests - No active profile set, falling back to 1 default profile: "default"
""2022-07-29 19:07:42 [main] INFO  o.s.d.r.c.RepositoryConfigurationDelegate - Bootstrapping Spring Data JPA repositories in DEFAULT mode.
""2022-07-29 19:07:42 [main] INFO  o.s.d.r.c.RepositoryConfigurationDelegate - Finished Spring Data repository scanning in 43 ms. Found 1 JPA repository interfaces.
""2022-07-29 19:07:42 [main] INFO  o.s.cloud.context.scope.GenericScope - BeanFactory id=f4308707-7b6d-39d8-ac87-a1c3f3f5421d
""2022-07-29 19:07:42 [main] INFO  com.zaxxer.hikari.HikariDataSource - HikariPool-1 - Starting...
""2022-07-29 19:07:43 [main] INFO  com.zaxxer.hikari.HikariDataSource - HikariPool-1 - Start completed.
""2022-07-29 19:07:43 [main] INFO  o.h.jpa.internal.util.LogHelper - HHH000204: Processing PersistenceUnitInfo [name: default]
""2022-07-29 19:07:43 [main] INFO  org.hibernate.Version - HHH000412: Hibernate ORM core version 5.6.9.Final
""2022-07-29 19:07:43 [main] INFO  o.h.annotations.common.Version - HCANN000001: Hibernate Commons Annotations {5.1.2.Final}
""2022-07-29 19:07:43 [main] INFO  org.hibernate.dialect.Dialect - HHH000400: Using dialect: org.hibernate.dialect.H2Dialect
""2022-07-29 19:07:43 [main] INFO  o.h.e.t.j.p.i.JtaPlatformInitiator - HHH000490: Using JtaPlatform implementation: [org.hibernate.engine.transaction.jta.platform.internal.NoJtaPlatform]
""2022-07-29 19:07:43 [main] INFO  o.s.o.j.LocalContainerEntityManagerFactoryBean - Initialized JPA EntityManagerFactory for persistence unit 'default'
""2022-07-29 19:07:44 [main] WARN  o.s.b.a.o.j.JpaBaseConfiguration$JpaWebConfiguration - spring.jpa.open-in-view is enabled by default. Therefore, database queries may be performed during view rendering. Explicitly configure spring.jpa.open-in-view to disable this warning
""2022-07-29 19:07:44 [main] INFO  o.s.b.a.h.H2ConsoleAutoConfiguration - H2 console available at '/h2-console'. Database available at 'jdbc:h2:mem:pms'
""2022-07-29 19:07:45 [main] INFO  c.c.d.DailySharePriceApplicationTests - Started DailySharePriceApplicationTests in 4.496 seconds (JVM running for 9.906)
""2022-07-29 19:07:45 [main] INFO  o.s.b.t.c.SpringBootTestContextBootstrapper - Neither @ContextConfiguration nor @ContextHierarchy found for test class [com.cts.dailyshareprice.model.StockTest], using SpringBootContextLoader
""2022-07-29 19:07:45 [main] INFO  o.s.t.c.s.AbstractContextLoader - Could not detect default resource locations for test class [com.cts.dailyshareprice.model.StockTest]: no resource found for suffixes {-context.xml, Context.groovy}.
""2022-07-29 19:07:45 [main] INFO  o.s.t.c.s.AnnotationConfigContextLoaderUtils - Could not detect default configuration classes for test class [com.cts.dailyshareprice.model.StockTest]: StockTest does not declare any static, non-private, non-final, nested classes annotated with @Configuration.
""2022-07-29 19:07:45 [main] INFO  o.s.b.t.c.SpringBootTestContextBootstrapper - Found @SpringBootConfiguration com.cts.dailyshareprice.DailySharePriceApplication for test class com.cts.dailyshareprice.model.StockTest
""2022-07-29 19:07:45 [main] INFO  o.s.b.t.c.SpringBootTestContextBootstrapper - Loaded default TestExecutionListener class names from location [META-INF/spring.factories]: [org.springframework.boot.test.mock.mockito.MockitoTestExecutionListener, org.springframework.boot.test.mock.mockito.ResetMocksTestExecutionListener, org.springframework.boot.test.autoconfigure.restdocs.RestDocsTestExecutionListener, org.springframework.boot.test.autoconfigure.web.client.MockRestServiceServerResetTestExecutionListener, org.springframework.boot.test.autoconfigure.web.servlet.MockMvcPrintOnlyOnFailureTestExecutionListener, org.springframework.boot.test.autoconfigure.web.servlet.WebDriverTestExecutionListener, org.springframework.boot.test.autoconfigure.webservices.client.MockWebServiceServerTestExecutionListener, org.springframework.test.context.web.ServletTestExecutionListener, org.springframework.test.context.support.DirtiesContextBeforeModesTestExecutionListener, org.springframework.test.context.event.ApplicationEventsTestExecutionListener, org.springframework.test.context.support.DependencyInjectionTestExecutionListener, org.springframework.test.context.support.DirtiesContextTestExecutionListener, org.springframework.test.context.transaction.TransactionalTestExecutionListener, org.springframework.test.context.jdbc.SqlScriptsTestExecutionListener, org.springframework.test.context.event.EventPublishingTestExecutionListener]
""2022-07-29 19:07:45 [main] INFO  o.s.b.t.c.SpringBootTestContextBootstrapper - Using TestExecutionListeners: [org.springframework.test.context.web.ServletTestExecutionListener@5524e471, org.springframework.test.context.support.DirtiesContextBeforeModesTestExecutionListener@3b6d94fc, org.springframework.test.context.event.ApplicationEventsTestExecutionListener@71c77042, org.springframework.boot.test.mock.mockito.MockitoTestExecutionListener@665fb1d8, org.springframework.boot.test.autoconfigure.SpringBootDependencyInjectionTestExecutionListener@142ac60e, org.springframework.test.context.support.DirtiesContextTestExecutionListener@43376a03, org.springframework.test.context.transaction.TransactionalTestExecutionListener@9b84747, org.springframework.test.context.jdbc.SqlScriptsTestExecutionListener@1272f6d9, org.springframework.test.context.event.EventPublishingTestExecutionListener@50aa482f, org.springframework.boot.test.mock.mockito.ResetMocksTestExecutionListener@2835574b, org.springframework.boot.test.autoconfigure.restdocs.RestDocsTestExecutionListener@63fcbf75, org.springframework.boot.test.autoconfigure.web.client.MockRestServiceServerResetTestExecutionListener@663d59ed, org.springframework.boot.test.autoconfigure.web.servlet.MockMvcPrintOnlyOnFailureTestExecutionListener@64d49e35, org.springframework.boot.test.autoconfigure.web.servlet.WebDriverTestExecutionListener@665902eb, org.springframework.boot.test.autoconfigure.webservices.client.MockWebServiceServerTestExecutionListener@60580e42]
""2022-07-29 19:07:45 [main] INFO  o.s.b.t.c.SpringBootTestContextBootstrapper - Neither @ContextConfiguration nor @ContextHierarchy found for test class [com.cts.dailyshareprice.service.StockServiceTest], using SpringBootContextLoader
""2022-07-29 19:07:45 [main] INFO  o.s.t.c.s.AbstractContextLoader - Could not detect default resource locations for test class [com.cts.dailyshareprice.service.StockServiceTest]: no resource found for suffixes {-context.xml, Context.groovy}.
""2022-07-29 19:07:45 [main] INFO  o.s.t.c.s.AnnotationConfigContextLoaderUtils - Could not detect default configuration classes for test class [com.cts.dailyshareprice.service.StockServiceTest]: StockServiceTest does not declare any static, non-private, non-final, nested classes annotated with @Configuration.
""2022-07-29 19:07:45 [main] INFO  o.s.b.t.c.SpringBootTestContextBootstrapper - Found @SpringBootConfiguration com.cts.dailyshareprice.DailySharePriceApplication for test class com.cts.dailyshareprice.service.StockServiceTest
""2022-07-29 19:07:45 [main] INFO  o.s.b.t.c.SpringBootTestContextBootstrapper - Loaded default TestExecutionListener class names from location [META-INF/spring.factories]: [org.springframework.boot.test.mock.mockito.MockitoTestExecutionListener, org.springframework.boot.test.mock.mockito.ResetMocksTestExecutionListener, org.springframework.boot.test.autoconfigure.restdocs.RestDocsTestExecutionListener, org.springframework.boot.test.autoconfigure.web.client.MockRestServiceServerResetTestExecutionListener, org.springframework.boot.test.autoconfigure.web.servlet.MockMvcPrintOnlyOnFailureTestExecutionListener, org.springframework.boot.test.autoconfigure.web.servlet.WebDriverTestExecutionListener, org.springframework.boot.test.autoconfigure.webservices.client.MockWebServiceServerTestExecutionListener, org.springframework.test.context.web.ServletTestExecutionListener, org.springframework.test.context.support.DirtiesContextBeforeModesTestExecutionListener, org.springframework.test.context.event.ApplicationEventsTestExecutionListener, org.springframework.test.context.support.DependencyInjectionTestExecutionListener, org.springframework.test.context.support.DirtiesContextTestExecutionListener, org.springframework.test.context.transaction.TransactionalTestExecutionListener, org.springframework.test.context.jdbc.SqlScriptsTestExecutionListener, org.springframework.test.context.event.EventPublishingTestExecutionListener]
""2022-07-29 19:07:45 [main] INFO  o.s.b.t.c.SpringBootTestContextBootstrapper - Using TestExecutionListeners: [org.springframework.test.context.web.ServletTestExecutionListener@1dec84e3, org.springframework.test.context.support.DirtiesContextBeforeModesTestExecutionListener@7985c32f, org.springframework.test.context.event.ApplicationEventsTestExecutionListener@56d9ef05, org.springframework.boot.test.mock.mockito.MockitoTestExecutionListener@7d487147, org.springframework.boot.test.autoconfigure.SpringBootDependencyInjectionTestExecutionListener@4fa2991, org.springframework.test.context.support.DirtiesContextTestExecutionListener@53b10e9a, org.springframework.test.context.transaction.TransactionalTestExecutionListener@4a89722e, org.springframework.test.context.jdbc.SqlScriptsTestExecutionListener@7475f071, org.springframework.test.context.event.EventPublishingTestExecutionListener@2116e9cf, org.springframework.boot.test.mock.mockito.ResetMocksTestExecutionListener@7a88e6a9, org.springframework.boot.test.autoconfigure.restdocs.RestDocsTestExecutionListener@7b91e3d4, org.springframework.boot.test.autoconfigure.web.client.MockRestServiceServerResetTestExecutionListener@20bc72af, org.springframework.boot.test.autoconfigure.web.servlet.MockMvcPrintOnlyOnFailureTestExecutionListener@36f2bfe6, org.springframework.boot.test.autoconfigure.web.servlet.WebDriverTestExecutionListener@bf2aa3f, org.springframework.boot.test.autoconfigure.webservices.client.MockWebServiceServerTestExecutionListener@7f0977d6]
""2022-07-29 19:07:46 [main] INFO  c.c.d.service.StockServiceTest - Starting StockServiceTest using Java 17.0.3 on DESKTOP-VUG3GVB with PID 3628 (started by VANU in E:\cts ManHandsOn\Portfolio Management\DailySharePrice)
""2022-07-29 19:07:46 [main] INFO  c.c.d.service.StockServiceTest - No active profile set, falling back to 1 default profile: "default"
""2022-07-29 19:07:46 [main] INFO  o.s.d.r.c.RepositoryConfigurationDelegate - Bootstrapping Spring Data JPA repositories in DEFAULT mode.
""2022-07-29 19:07:46 [main] INFO  o.s.d.r.c.RepositoryConfigurationDelegate - Finished Spring Data repository scanning in 15 ms. Found 1 JPA repository interfaces.
""2022-07-29 19:07:46 [main] INFO  o.s.cloud.context.scope.GenericScope - BeanFactory id=f4308707-7b6d-39d8-ac87-a1c3f3f5421d
""2022-07-29 19:07:47 [main] INFO  com.zaxxer.hikari.HikariDataSource - HikariPool-2 - Starting...
""2022-07-29 19:07:47 [main] INFO  com.zaxxer.hikari.HikariDataSource - HikariPool-2 - Start completed.
""2022-07-29 19:07:47 [main] INFO  o.h.jpa.internal.util.LogHelper - HHH000204: Processing PersistenceUnitInfo [name: default]
""2022-07-29 19:07:47 [main] INFO  org.hibernate.dialect.Dialect - HHH000400: Using dialect: org.hibernate.dialect.H2Dialect
""2022-07-29 19:07:47 [main] INFO  o.h.e.t.j.p.i.JtaPlatformInitiator - HHH000490: Using JtaPlatform implementation: [org.hibernate.engine.transaction.jta.platform.internal.NoJtaPlatform]
""2022-07-29 19:07:47 [main] INFO  o.s.o.j.LocalContainerEntityManagerFactoryBean - Initialized JPA EntityManagerFactory for persistence unit 'default'
""2022-07-29 19:07:47 [main] WARN  o.s.b.a.o.j.JpaBaseConfiguration$JpaWebConfiguration - spring.jpa.open-in-view is enabled by default. Therefore, database queries may be performed during view rendering. Explicitly configure spring.jpa.open-in-view to disable this warning
""2022-07-29 19:07:47 [main] INFO  o.s.b.a.h.H2ConsoleAutoConfiguration - H2 console available at '/h2-console'. Database available at 'jdbc:h2:mem:pms'
""2022-07-29 19:07:48 [main] INFO  c.c.d.service.StockServiceTest - Started StockServiceTest in 3.164 seconds (JVM running for 13.246)
""2022-07-29 19:07:48 [SpringApplicationShutdownHook] INFO  o.s.o.j.LocalContainerEntityManagerFactoryBean - Closing JPA EntityManagerFactory for persistence unit 'default'
""2022-07-29 19:07:48 [SpringApplicationShutdownHook] INFO  com.zaxxer.hikari.HikariDataSource - HikariPool-1 - Shutdown initiated...
""2022-07-29 19:07:48 [SpringApplicationShutdownHook] INFO  com.zaxxer.hikari.HikariDataSource - HikariPool-1 - Shutdown completed.
""2022-07-29 19:07:48 [SpringApplicationShutdownHook] INFO  o.s.o.j.LocalContainerEntityManagerFactoryBean - Closing JPA EntityManagerFactory for persistence unit 'default'
""2022-07-29 19:07:48 [SpringApplicationShutdownHook] INFO  com.zaxxer.hikari.HikariDataSource - HikariPool-2 - Shutdown initiated...
""2022-07-29 19:07:48 [SpringApplicationShutdownHook] INFO  com.zaxxer.hikari.HikariDataSource - HikariPool-2 - Shutdown completed.
""2022-07-29 19:08:35 [restartedMain] INFO  c.c.d.DailySharePriceApplication - Starting DailySharePriceApplication using Java 17.0.3 on DESKTOP-VUG3GVB with PID 13568 (E:\cts ManHandsOn\Portfolio Management\DailySharePrice\target\classes started by VANU in E:\cts ManHandsOn\Portfolio Management\DailySharePrice)
""2022-07-29 19:08:35 [restartedMain] INFO  c.c.d.DailySharePriceApplication - No active profile set, falling back to 1 default profile: "default"
""2022-07-29 19:08:35 [restartedMain] INFO  o.s.b.d.e.DevToolsPropertyDefaultsPostProcessor - Devtools property defaults active! Set 'spring.devtools.add-properties' to 'false' to disable
""2022-07-29 19:08:35 [restartedMain] INFO  o.s.b.d.e.DevToolsPropertyDefaultsPostProcessor - For additional web related logging consider setting the 'logging.level.web' property to 'DEBUG'
""2022-07-29 19:08:36 [restartedMain] INFO  o.s.d.r.c.RepositoryConfigurationDelegate - Bootstrapping Spring Data JPA repositories in DEFAULT mode.
""2022-07-29 19:08:36 [restartedMain] INFO  o.s.d.r.c.RepositoryConfigurationDelegate - Finished Spring Data repository scanning in 32 ms. Found 1 JPA repository interfaces.
""2022-07-29 19:08:36 [restartedMain] INFO  o.s.cloud.context.scope.GenericScope - BeanFactory id=6b5b2f3d-ba5f-3c06-a327-4a7c245ebbe0
""2022-07-29 19:08:37 [restartedMain] INFO  o.s.b.w.e.tomcat.TomcatWebServer - Tomcat initialized with port(s): 8082 (http)
""2022-07-29 19:08:37 [restartedMain] INFO  o.a.catalina.core.StandardService - Starting service [Tomcat]
""2022-07-29 19:08:37 [restartedMain] INFO  o.a.catalina.core.StandardEngine - Starting Servlet engine: [Apache Tomcat/9.0.64]
""2022-07-29 19:08:37 [restartedMain] INFO  o.a.c.c.C.[Tomcat].[localhost].[/] - Initializing Spring embedded WebApplicationContext
""2022-07-29 19:08:37 [restartedMain] INFO  o.s.b.w.s.c.ServletWebServerApplicationContext - Root WebApplicationContext: initialization completed in 1757 ms
""2022-07-29 19:08:37 [restartedMain] INFO  com.zaxxer.hikari.HikariDataSource - HikariPool-1 - Starting...
""2022-07-29 19:08:37 [restartedMain] INFO  com.zaxxer.hikari.HikariDataSource - HikariPool-1 - Start completed.
""2022-07-29 19:08:37 [restartedMain] INFO  o.s.b.a.h.H2ConsoleAutoConfiguration - H2 console available at '/h2-console'. Database available at 'jdbc:h2:mem:pms'
""2022-07-29 19:08:37 [restartedMain] INFO  o.h.jpa.internal.util.LogHelper - HHH000204: Processing PersistenceUnitInfo [name: default]
""2022-07-29 19:08:37 [restartedMain] INFO  org.hibernate.Version - HHH000412: Hibernate ORM core version 5.6.9.Final
""2022-07-29 19:08:37 [restartedMain] INFO  o.h.annotations.common.Version - HCANN000001: Hibernate Commons Annotations {5.1.2.Final}
""2022-07-29 19:08:37 [restartedMain] INFO  org.hibernate.dialect.Dialect - HHH000400: Using dialect: org.hibernate.dialect.H2Dialect
""2022-07-29 19:08:38 [restartedMain] INFO  o.h.e.t.j.p.i.JtaPlatformInitiator - HHH000490: Using JtaPlatform implementation: [org.hibernate.engine.transaction.jta.platform.internal.NoJtaPlatform]
""2022-07-29 19:08:38 [restartedMain] INFO  o.s.o.j.LocalContainerEntityManagerFactoryBean - Initialized JPA EntityManagerFactory for persistence unit 'default'
""2022-07-29 19:08:38 [restartedMain] WARN  o.s.b.a.o.j.JpaBaseConfiguration$JpaWebConfiguration - spring.jpa.open-in-view is enabled by default. Therefore, database queries may be performed during view rendering. Explicitly configure spring.jpa.open-in-view to disable this warning
""2022-07-29 19:08:38 [restartedMain] INFO  o.s.b.d.a.OptionalLiveReloadServer - LiveReload server is running on port 35729
""2022-07-29 19:08:39 [restartedMain] INFO  o.s.b.w.e.tomcat.TomcatWebServer - Tomcat started on port(s): 8082 (http) with context path ''
""2022-07-29 19:08:39 [restartedMain] INFO  c.c.d.DailySharePriceApplication - Started DailySharePriceApplication in 4.892 seconds (JVM running for 5.712)
""2022-07-29 19:08:46 [RMI TCP Connection(2)-127.0.0.1] INFO  o.s.b.a.SpringApplicationAdminMXBeanRegistrar$SpringApplicationAdmin - Application shutdown requested.
""2022-07-29 19:08:46 [RMI TCP Connection(2)-127.0.0.1] INFO  o.s.o.j.LocalContainerEntityManagerFactoryBean - Closing JPA EntityManagerFactory for persistence unit 'default'
""2022-07-29 19:08:47 [RMI TCP Connection(2)-127.0.0.1] WARN  o.s.b.f.s.DisposableBeanAdapter - Invocation of destroy method failed on bean with name 'inMemoryDatabaseShutdownExecutor': org.h2.jdbc.JdbcSQLNonTransientConnectionException: Database is already closed (to disable automatic closing at VM shutdown, add ";DB_CLOSE_ON_EXIT=FALSE" to the db URL) [90121-214]
""2022-07-29 19:08:47 [RMI TCP Connection(2)-127.0.0.1] INFO  com.zaxxer.hikari.HikariDataSource - HikariPool-1 - Shutdown initiated...
""2022-07-29 19:08:47 [RMI TCP Connection(2)-127.0.0.1] INFO  com.zaxxer.hikari.HikariDataSource - HikariPool-1 - Shutdown completed.
"