"2022-07-29 18:56:49 [main] INFO  c.c.c.CalculateNetworthApplicationTests - Starting CalculateNetworthApplicationTests using Java 17.0.3 on DESKTOP-VUG3GVB with PID 19284 (started by VANU in E:\cts ManHandsOn\Portfolio Management\CalculateNetworth)
""2022-07-29 18:56:49 [main] INFO  c.c.c.CalculateNetworthApplicationTests - No active profile set, falling back to 1 default profile: "default"
""2022-07-29 18:56:51 [main] INFO  o.s.d.r.c.RepositoryConfigurationDelegate - Bootstrapping Spring Data JPA repositories in DEFAULT mode.
""2022-07-29 18:56:51 [main] INFO  o.s.d.r.c.RepositoryConfigurationDelegate - Finished Spring Data repository scanning in 71 ms. Found 3 JPA repository interfaces.
""2022-07-29 18:56:51 [main] INFO  o.s.cloud.context.scope.GenericScope - BeanFactory id=d7531875-8980-3e2a-82fa-249d9bc31186
""2022-07-29 18:56:52 [main] INFO  com.zaxxer.hikari.HikariDataSource - HikariPool-1 - Starting...
""2022-07-29 18:56:52 [main] INFO  com.zaxxer.hikari.HikariDataSource - HikariPool-1 - Start completed.
""2022-07-29 18:56:52 [main] INFO  o.h.jpa.internal.util.LogHelper - HHH000204: Processing PersistenceUnitInfo [name: default]
""2022-07-29 18:56:52 [main] INFO  org.hibernate.Version - HHH000412: Hibernate ORM core version 5.6.9.Final
""2022-07-29 18:56:53 [main] INFO  o.h.annotations.common.Version - HCANN000001: Hibernate Commons Annotations {5.1.2.Final}
""2022-07-29 18:56:53 [main] INFO  org.hibernate.dialect.Dialect - HHH000400: Using dialect: org.hibernate.dialect.H2Dialect
""2022-07-29 18:56:54 [main] INFO  o.h.e.t.j.p.i.JtaPlatformInitiator - HHH000490: Using JtaPlatform implementation: [org.hibernate.engine.transaction.jta.platform.internal.NoJtaPlatform]
""2022-07-29 18:56:54 [main] INFO  o.s.o.j.LocalContainerEntityManagerFactoryBean - Initialized JPA EntityManagerFactory for persistence unit 'default'
""2022-07-29 18:56:55 [main] WARN  o.s.b.a.o.j.JpaBaseConfiguration$JpaWebConfiguration - spring.jpa.open-in-view is enabled by default. Therefore, database queries may be performed during view rendering. Explicitly configure spring.jpa.open-in-view to disable this warning
""2022-07-29 18:56:55 [main] INFO  o.s.b.a.h.H2ConsoleAutoConfiguration - H2 console available at '/h2-console'. Database available at 'jdbc:h2:mem:pms'
""2022-07-29 18:56:58 [main] INFO  c.c.c.CalculateNetworthApplicationTests - Started CalculateNetworthApplicationTests in 10.423 seconds (JVM running for 11.739)
""2022-07-29 18:56:58 [main] INFO  o.s.b.t.a.w.s.WebMvcTestContextBootstrapper - Neither @ContextConfiguration nor @ContextHierarchy found for test class [com.cts.calculatenetworth.controller.NetworthControllerTest], using SpringBootContextLoader
""2022-07-29 18:56:58 [main] INFO  o.s.t.c.s.AbstractContextLoader - Could not detect default resource locations for test class [com.cts.calculatenetworth.controller.NetworthControllerTest]: no resource found for suffixes {-context.xml, Context.groovy}.
""2022-07-29 18:56:58 [main] INFO  o.s.t.c.s.AnnotationConfigContextLoaderUtils - Could not detect default configuration classes for test class [com.cts.calculatenetworth.controller.NetworthControllerTest]: NetworthControllerTest does not declare any static, non-private, non-final, nested classes annotated with @Configuration.
""2022-07-29 18:56:58 [main] INFO  o.s.b.t.c.SpringBootTestContextBootstrapper - Found @SpringBootConfiguration com.cts.calculatenetworth.CalculateNetworthApplication for test class com.cts.calculatenetworth.controller.NetworthControllerTest
""2022-07-29 18:56:59 [main] INFO  o.s.b.t.a.w.s.WebMvcTestContextBootstrapper - Loaded default TestExecutionListener class names from location [META-INF/spring.factories]: [org.springframework.boot.test.mock.mockito.MockitoTestExecutionListener, org.springframework.boot.test.mock.mockito.ResetMocksTestExecutionListener, org.springframework.boot.test.autoconfigure.restdocs.RestDocsTestExecutionListener, org.springframework.boot.test.autoconfigure.web.client.MockRestServiceServerResetTestExecutionListener, org.springframework.boot.test.autoconfigure.web.servlet.MockMvcPrintOnlyOnFailureTestExecutionListener, org.springframework.boot.test.autoconfigure.web.servlet.WebDriverTestExecutionListener, org.springframework.boot.test.autoconfigure.webservices.client.MockWebServiceServerTestExecutionListener, org.springframework.test.context.web.ServletTestExecutionListener, org.springframework.test.context.support.DirtiesContextBeforeModesTestExecutionListener, org.springframework.test.context.event.ApplicationEventsTestExecutionListener, org.springframework.test.context.support.DependencyInjectionTestExecutionListener, org.springframework.test.context.support.DirtiesContextTestExecutionListener, org.springframework.test.context.transaction.TransactionalTestExecutionListener, org.springframework.test.context.jdbc.SqlScriptsTestExecutionListener, org.springframework.test.context.event.EventPublishingTestExecutionListener]
""2022-07-29 18:56:59 [main] INFO  o.s.b.t.a.w.s.WebMvcTestContextBootstrapper - Using TestExecutionListeners: [org.springframework.test.context.web.ServletTestExecutionListener@e8ef60b, org.springframework.test.context.support.DirtiesContextBeforeModesTestExecutionListener@3217e970, org.springframework.test.context.event.ApplicationEventsTestExecutionListener@6d0d5147, org.springframework.boot.test.mock.mockito.MockitoTestExecutionListener@1a370c7c, org.springframework.boot.test.autoconfigure.SpringBootDependencyInjectionTestExecutionListener@63f08f9f, org.springframework.test.context.support.DirtiesContextTestExecutionListener@6e21b6f8, org.springframework.test.context.transaction.TransactionalTestExecutionListener@69a14512, org.springframework.test.context.jdbc.SqlScriptsTestExecutionListener@4bd7e0b6, org.springframework.test.context.event.EventPublishingTestExecutionListener@2cbc0224, org.springframework.boot.test.mock.mockito.ResetMocksTestExecutionListener@4fc9e73d, org.springframework.boot.test.autoconfigure.restdocs.RestDocsTestExecutionListener@2ca3a203, org.springframework.boot.test.autoconfigure.web.client.MockRestServiceServerResetTestExecutionListener@58052571, org.springframework.boot.test.autoconfigure.web.servlet.MockMvcPrintOnlyOnFailureTestExecutionListener@1464a177, org.springframework.boot.test.autoconfigure.web.servlet.WebDriverTestExecutionListener@14144cc9, org.springframework.boot.test.autoconfigure.webservices.client.MockWebServiceServerTestExecutionListener@259647f2]
""2022-07-29 18:56:59 [main] INFO  c.c.c.c.NetworthControllerTest - Starting NetworthControllerTest using Java 17.0.3 on DESKTOP-VUG3GVB with PID 19284 (started by VANU in E:\cts ManHandsOn\Portfolio Management\CalculateNetworth)
""2022-07-29 18:56:59 [main] INFO  c.c.c.c.NetworthControllerTest - No active profile set, falling back to 1 default profile: "default"
""2022-07-29 18:57:01 [main] INFO  o.s.b.t.m.w.SpringBootMockServletContext - Initializing Spring TestDispatcherServlet ''
""2022-07-29 18:57:01 [main] INFO  o.s.t.w.s.TestDispatcherServlet - Initializing Servlet ''
""2022-07-29 18:57:01 [main] INFO  o.s.t.w.s.TestDispatcherServlet - Completed initialization in 3 ms
""2022-07-29 18:57:01 [main] INFO  c.c.c.c.NetworthControllerTest - Started NetworthControllerTest in 2.778 seconds (JVM running for 14.987)
""2022-07-29 18:57:01 [main] INFO  c.c.c.controller.NetworthController - calculating networth....
""2022-07-29 18:57:02 [main] INFO  c.c.c.controller.NetworthController - finding portfolio by id...
""2022-07-29 18:57:02 [main] INFO  o.s.b.t.c.SpringBootTestContextBootstrapper - Neither @ContextConfiguration nor @ContextHierarchy found for test class [com.cts.calculatenetworth.service.MutualFundServiceTest], using SpringBootContextLoader
""2022-07-29 18:57:02 [main] INFO  o.s.t.c.s.AbstractContextLoader - Could not detect default resource locations for test class [com.cts.calculatenetworth.service.MutualFundServiceTest]: no resource found for suffixes {-context.xml, Context.groovy}.
""2022-07-29 18:57:02 [main] INFO  o.s.t.c.s.AnnotationConfigContextLoaderUtils - Could not detect default configuration classes for test class [com.cts.calculatenetworth.service.MutualFundServiceTest]: MutualFundServiceTest does not declare any static, non-private, non-final, nested classes annotated with @Configuration.
""2022-07-29 18:57:02 [main] INFO  o.s.b.t.c.SpringBootTestContextBootstrapper - Found @SpringBootConfiguration com.cts.calculatenetworth.CalculateNetworthApplication for test class com.cts.calculatenetworth.service.MutualFundServiceTest
""2022-07-29 18:57:02 [main] INFO  o.s.b.t.c.SpringBootTestContextBootstrapper - Loaded default TestExecutionListener class names from location [META-INF/spring.factories]: [org.springframework.boot.test.mock.mockito.MockitoTestExecutionListener, org.springframework.boot.test.mock.mockito.ResetMocksTestExecutionListener, org.springframework.boot.test.autoconfigure.restdocs.RestDocsTestExecutionListener, org.springframework.boot.test.autoconfigure.web.client.MockRestServiceServerResetTestExecutionListener, org.springframework.boot.test.autoconfigure.web.servlet.MockMvcPrintOnlyOnFailureTestExecutionListener, org.springframework.boot.test.autoconfigure.web.servlet.WebDriverTestExecutionListener, org.springframework.boot.test.autoconfigure.webservices.client.MockWebServiceServerTestExecutionListener, org.springframework.test.context.web.ServletTestExecutionListener, org.springframework.test.context.support.DirtiesContextBeforeModesTestExecutionListener, org.springframework.test.context.event.ApplicationEventsTestExecutionListener, org.springframework.test.context.support.DependencyInjectionTestExecutionListener, org.springframework.test.context.support.DirtiesContextTestExecutionListener, org.springframework.test.context.transaction.TransactionalTestExecutionListener, org.springframework.test.context.jdbc.SqlScriptsTestExecutionListener, org.springframework.test.context.event.EventPublishingTestExecutionListener]
""2022-07-29 18:57:02 [main] INFO  o.s.b.t.c.SpringBootTestContextBootstrapper - Using TestExecutionListeners: [org.springframework.test.context.web.ServletTestExecutionListener@17d13926, org.springframework.test.context.support.DirtiesContextBeforeModesTestExecutionListener@511cc6fc, org.springframework.test.context.event.ApplicationEventsTestExecutionListener@216906a0, org.springframework.boot.test.mock.mockito.MockitoTestExecutionListener@4e885b9, org.springframework.boot.test.autoconfigure.SpringBootDependencyInjectionTestExecutionListener@1a6e940b, org.springframework.test.context.support.DirtiesContextTestExecutionListener@2d728a9c, org.springframework.test.context.transaction.TransactionalTestExecutionListener@4447c594, org.springframework.test.context.jdbc.SqlScriptsTestExecutionListener@4c255e8, org.springframework.test.context.event.EventPublishingTestExecutionListener@6ae247b7, org.springframework.boot.test.mock.mockito.ResetMocksTestExecutionListener@53fd061d, org.springframework.boot.test.autoconfigure.restdocs.RestDocsTestExecutionListener@296c0293, org.springframework.boot.test.autoconfigure.web.client.MockRestServiceServerResetTestExecutionListener@3f976f43, org.springframework.boot.test.autoconfigure.web.servlet.MockMvcPrintOnlyOnFailureTestExecutionListener@473048f9, org.springframework.boot.test.autoconfigure.web.servlet.WebDriverTestExecutionListener@7c4663ec, org.springframework.boot.test.autoconfigure.webservices.client.MockWebServiceServerTestExecutionListener@35f79e6d]
""2022-07-29 18:57:02 [main] INFO  c.c.c.service.MutualFundServiceTest - Starting MutualFundServiceTest using Java 17.0.3 on DESKTOP-VUG3GVB with PID 19284 (started by VANU in E:\cts ManHandsOn\Portfolio Management\CalculateNetworth)
""2022-07-29 18:57:02 [main] INFO  c.c.c.service.MutualFundServiceTest - No active profile set, falling back to 1 default profile: "default"
""2022-07-29 18:57:03 [main] INFO  o.s.d.r.c.RepositoryConfigurationDelegate - Bootstrapping Spring Data JPA repositories in DEFAULT mode.
""2022-07-29 18:57:03 [main] INFO  o.s.d.r.c.RepositoryConfigurationDelegate - Finished Spring Data repository scanning in 17 ms. Found 3 JPA repository interfaces.
""2022-07-29 18:57:03 [main] INFO  o.s.cloud.context.scope.GenericScope - BeanFactory id=d7531875-8980-3e2a-82fa-249d9bc31186
""2022-07-29 18:57:03 [main] INFO  com.zaxxer.hikari.HikariDataSource - HikariPool-2 - Starting...
""2022-07-29 18:57:03 [main] INFO  com.zaxxer.hikari.HikariDataSource - HikariPool-2 - Start completed.
""2022-07-29 18:57:03 [main] INFO  o.h.jpa.internal.util.LogHelper - HHH000204: Processing PersistenceUnitInfo [name: default]
""2022-07-29 18:57:03 [main] INFO  org.hibernate.dialect.Dialect - HHH000400: Using dialect: org.hibernate.dialect.H2Dialect
""2022-07-29 18:57:03 [main] INFO  o.h.e.t.j.p.i.JtaPlatformInitiator - HHH000490: Using JtaPlatform implementation: [org.hibernate.engine.transaction.jta.platform.internal.NoJtaPlatform]
""2022-07-29 18:57:03 [main] INFO  o.s.o.j.LocalContainerEntityManagerFactoryBean - Initialized JPA EntityManagerFactory for persistence unit 'default'
""2022-07-29 18:57:04 [main] WARN  o.s.b.a.o.j.JpaBaseConfiguration$JpaWebConfiguration - spring.jpa.open-in-view is enabled by default. Therefore, database queries may be performed during view rendering. Explicitly configure spring.jpa.open-in-view to disable this warning
""2022-07-29 18:57:04 [main] INFO  o.s.b.a.h.H2ConsoleAutoConfiguration - H2 console available at '/h2-console'. Database available at 'jdbc:h2:mem:pms'
""2022-07-29 18:57:05 [main] INFO  c.c.c.service.MutualFundServiceTest - Started MutualFundServiceTest in 3.666 seconds (JVM running for 19.136)
""2022-07-29 18:57:06 [main] INFO  o.s.b.t.c.SpringBootTestContextBootstrapper - Neither @ContextConfiguration nor @ContextHierarchy found for test class [com.cts.calculatenetworth.service.PortfolioDetailServiceTest], using SpringBootContextLoader
""2022-07-29 18:57:06 [main] INFO  o.s.t.c.s.AbstractContextLoader - Could not detect default resource locations for test class [com.cts.calculatenetworth.service.PortfolioDetailServiceTest]: no resource found for suffixes {-context.xml, Context.groovy}.
""2022-07-29 18:57:06 [main] INFO  o.s.t.c.s.AnnotationConfigContextLoaderUtils - Could not detect default configuration classes for test class [com.cts.calculatenetworth.service.PortfolioDetailServiceTest]: PortfolioDetailServiceTest does not declare any static, non-private, non-final, nested classes annotated with @Configuration.
""2022-07-29 18:57:06 [main] INFO  o.s.b.t.c.SpringBootTestContextBootstrapper - Found @SpringBootConfiguration com.cts.calculatenetworth.CalculateNetworthApplication for test class com.cts.calculatenetworth.service.PortfolioDetailServiceTest
""2022-07-29 18:57:06 [main] INFO  o.s.b.t.c.SpringBootTestContextBootstrapper - Loaded default TestExecutionListener class names from location [META-INF/spring.factories]: [org.springframework.boot.test.mock.mockito.MockitoTestExecutionListener, org.springframework.boot.test.mock.mockito.ResetMocksTestExecutionListener, org.springframework.boot.test.autoconfigure.restdocs.RestDocsTestExecutionListener, org.springframework.boot.test.autoconfigure.web.client.MockRestServiceServerResetTestExecutionListener, org.springframework.boot.test.autoconfigure.web.servlet.MockMvcPrintOnlyOnFailureTestExecutionListener, org.springframework.boot.test.autoconfigure.web.servlet.WebDriverTestExecutionListener, org.springframework.boot.test.autoconfigure.webservices.client.MockWebServiceServerTestExecutionListener, org.springframework.test.context.web.ServletTestExecutionListener, org.springframework.test.context.support.DirtiesContextBeforeModesTestExecutionListener, org.springframework.test.context.event.ApplicationEventsTestExecutionListener, org.springframework.test.context.support.DependencyInjectionTestExecutionListener, org.springframework.test.context.support.DirtiesContextTestExecutionListener, org.springframework.test.context.transaction.TransactionalTestExecutionListener, org.springframework.test.context.jdbc.SqlScriptsTestExecutionListener, org.springframework.test.context.event.EventPublishingTestExecutionListener]
""2022-07-29 18:57:06 [main] INFO  o.s.b.t.c.SpringBootTestContextBootstrapper - Using TestExecutionListeners: [org.springframework.test.context.web.ServletTestExecutionListener@4d5399f4, org.springframework.test.context.support.DirtiesContextBeforeModesTestExecutionListener@1490b1a4, org.springframework.test.context.event.ApplicationEventsTestExecutionListener@28908c04, org.springframework.boot.test.mock.mockito.MockitoTestExecutionListener@2b9132ad, org.springframework.boot.test.autoconfigure.SpringBootDependencyInjectionTestExecutionListener@7adc8212, org.springframework.test.context.support.DirtiesContextTestExecutionListener@6b50017c, org.springframework.test.context.transaction.TransactionalTestExecutionListener@470c40be, org.springframework.test.context.jdbc.SqlScriptsTestExecutionListener@652a16a8, org.springframework.test.context.event.EventPublishingTestExecutionListener@7b78c40d, org.springframework.boot.test.mock.mockito.ResetMocksTestExecutionListener@104861ff, org.springframework.boot.test.autoconfigure.restdocs.RestDocsTestExecutionListener@3564caf8, org.springframework.boot.test.autoconfigure.web.client.MockRestServiceServerResetTestExecutionListener@ce15aa, org.springframework.boot.test.autoconfigure.web.servlet.MockMvcPrintOnlyOnFailureTestExecutionListener@3dabf112, org.springframework.boot.test.autoconfigure.web.servlet.WebDriverTestExecutionListener@6e3f38c1, org.springframework.boot.test.autoconfigure.webservices.client.MockWebServiceServerTestExecutionListener@7d9f0cf4]
""2022-07-29 18:57:06 [main] INFO  c.c.c.s.PortfolioDetailServiceTest - Starting PortfolioDetailServiceTest using Java 17.0.3 on DESKTOP-VUG3GVB with PID 19284 (started by VANU in E:\cts ManHandsOn\Portfolio Management\CalculateNetworth)
""2022-07-29 18:57:06 [main] INFO  c.c.c.s.PortfolioDetailServiceTest - No active profile set, falling back to 1 default profile: "default"
""2022-07-29 18:57:06 [main] INFO  o.s.d.r.c.RepositoryConfigurationDelegate - Bootstrapping Spring Data JPA repositories in DEFAULT mode.
""2022-07-29 18:57:06 [main] INFO  o.s.d.r.c.RepositoryConfigurationDelegate - Finished Spring Data repository scanning in 15 ms. Found 3 JPA repository interfaces.
""2022-07-29 18:57:06 [main] INFO  o.s.cloud.context.scope.GenericScope - BeanFactory id=d7531875-8980-3e2a-82fa-249d9bc31186
""2022-07-29 18:57:07 [main] INFO  com.zaxxer.hikari.HikariDataSource - HikariPool-3 - Starting...
""2022-07-29 18:57:07 [main] INFO  com.zaxxer.hikari.HikariDataSource - HikariPool-3 - Start completed.
""2022-07-29 18:57:07 [main] INFO  o.h.jpa.internal.util.LogHelper - HHH000204: Processing PersistenceUnitInfo [name: default]
""2022-07-29 18:57:07 [main] INFO  org.hibernate.dialect.Dialect - HHH000400: Using dialect: org.hibernate.dialect.H2Dialect
""2022-07-29 18:57:07 [main] INFO  o.h.e.t.j.p.i.JtaPlatformInitiator - HHH000490: Using JtaPlatform implementation: [org.hibernate.engine.transaction.jta.platform.internal.NoJtaPlatform]
""2022-07-29 18:57:07 [main] INFO  o.s.o.j.LocalContainerEntityManagerFactoryBean - Initialized JPA EntityManagerFactory for persistence unit 'default'
""2022-07-29 18:57:07 [main] WARN  o.s.b.a.o.j.JpaBaseConfiguration$JpaWebConfiguration - spring.jpa.open-in-view is enabled by default. Therefore, database queries may be performed during view rendering. Explicitly configure spring.jpa.open-in-view to disable this warning
""2022-07-29 18:57:07 [main] INFO  o.s.b.a.h.H2ConsoleAutoConfiguration - H2 console available at '/h2-console'. Database available at 'jdbc:h2:mem:pms'
""2022-07-29 18:57:09 [main] INFO  c.c.c.s.PortfolioDetailServiceTest - Started PortfolioDetailServiceTest in 3.297 seconds (JVM running for 22.513)
""2022-07-29 18:57:09 [main] INFO  o.s.b.t.c.SpringBootTestContextBootstrapper - Neither @ContextConfiguration nor @ContextHierarchy found for test class [com.cts.calculatenetworth.service.StockDetailServiceTest], using SpringBootContextLoader
""2022-07-29 18:57:09 [main] INFO  o.s.t.c.s.AbstractContextLoader - Could not detect default resource locations for test class [com.cts.calculatenetworth.service.StockDetailServiceTest]: no resource found for suffixes {-context.xml, Context.groovy}.
""2022-07-29 18:57:09 [main] INFO  o.s.t.c.s.AnnotationConfigContextLoaderUtils - Could not detect default configuration classes for test class [com.cts.calculatenetworth.service.StockDetailServiceTest]: StockDetailServiceTest does not declare any static, non-private, non-final, nested classes annotated with @Configuration.
""2022-07-29 18:57:09 [main] INFO  o.s.b.t.c.SpringBootTestContextBootstrapper - Found @SpringBootConfiguration com.cts.calculatenetworth.CalculateNetworthApplication for test class com.cts.calculatenetworth.service.StockDetailServiceTest
""2022-07-29 18:57:09 [main] INFO  o.s.b.t.c.SpringBootTestContextBootstrapper - Loaded default TestExecutionListener class names from location [META-INF/spring.factories]: [org.springframework.boot.test.mock.mockito.MockitoTestExecutionListener, org.springframework.boot.test.mock.mockito.ResetMocksTestExecutionListener, org.springframework.boot.test.autoconfigure.restdocs.RestDocsTestExecutionListener, org.springframework.boot.test.autoconfigure.web.client.MockRestServiceServerResetTestExecutionListener, org.springframework.boot.test.autoconfigure.web.servlet.MockMvcPrintOnlyOnFailureTestExecutionListener, org.springframework.boot.test.autoconfigure.web.servlet.WebDriverTestExecutionListener, org.springframework.boot.test.autoconfigure.webservices.client.MockWebServiceServerTestExecutionListener, org.springframework.test.context.web.ServletTestExecutionListener, org.springframework.test.context.support.DirtiesContextBeforeModesTestExecutionListener, org.springframework.test.context.event.ApplicationEventsTestExecutionListener, org.springframework.test.context.support.DependencyInjectionTestExecutionListener, org.springframework.test.context.support.DirtiesContextTestExecutionListener, org.springframework.test.context.transaction.TransactionalTestExecutionListener, org.springframework.test.context.jdbc.SqlScriptsTestExecutionListener, org.springframework.test.context.event.EventPublishingTestExecutionListener]
""2022-07-29 18:57:09 [main] INFO  o.s.b.t.c.SpringBootTestContextBootstrapper - Using TestExecutionListeners: [org.springframework.test.context.web.ServletTestExecutionListener@21a1790d, org.springframework.test.context.support.DirtiesContextBeforeModesTestExecutionListener@24d6355c, org.springframework.test.context.event.ApplicationEventsTestExecutionListener@69e4e90b, org.springframework.boot.test.mock.mockito.MockitoTestExecutionListener@5872376d, org.springframework.boot.test.autoconfigure.SpringBootDependencyInjectionTestExecutionListener@7231547f, org.springframework.test.context.support.DirtiesContextTestExecutionListener@67d8e3b0, org.springframework.test.context.transaction.TransactionalTestExecutionListener@293af2f1, org.springframework.test.context.jdbc.SqlScriptsTestExecutionListener@60ba61e4, org.springframework.test.context.event.EventPublishingTestExecutionListener@18505320, org.springframework.boot.test.mock.mockito.ResetMocksTestExecutionListener@3835f6f9, org.springframework.boot.test.autoconfigure.restdocs.RestDocsTestExecutionListener@46663674, org.springframework.boot.test.autoconfigure.web.client.MockRestServiceServerResetTestExecutionListener@7560ca1d, org.springframework.boot.test.autoconfigure.web.servlet.MockMvcPrintOnlyOnFailureTestExecutionListener@6f334ec2, org.springframework.boot.test.autoconfigure.web.servlet.WebDriverTestExecutionListener@78a6ffe3, org.springframework.boot.test.autoconfigure.webservices.client.MockWebServiceServerTestExecutionListener@f04b315]
""2022-07-29 18:57:09 [main] INFO  c.c.c.service.StockDetailServiceTest - Starting StockDetailServiceTest using Java 17.0.3 on DESKTOP-VUG3GVB with PID 19284 (started by VANU in E:\cts ManHandsOn\Portfolio Management\CalculateNetworth)
""2022-07-29 18:57:09 [main] INFO  c.c.c.service.StockDetailServiceTest - No active profile set, falling back to 1 default profile: "default"
""2022-07-29 18:57:10 [main] INFO  o.s.d.r.c.RepositoryConfigurationDelegate - Bootstrapping Spring Data JPA repositories in DEFAULT mode.
""2022-07-29 18:57:10 [main] INFO  o.s.d.r.c.RepositoryConfigurationDelegate - Finished Spring Data repository scanning in 17 ms. Found 3 JPA repository interfaces.
""2022-07-29 18:57:10 [main] INFO  o.s.cloud.context.scope.GenericScope - BeanFactory id=d7531875-8980-3e2a-82fa-249d9bc31186
""2022-07-29 18:57:10 [main] INFO  com.zaxxer.hikari.HikariDataSource - HikariPool-4 - Starting...
""2022-07-29 18:57:10 [main] INFO  com.zaxxer.hikari.HikariDataSource - HikariPool-4 - Start completed.
""2022-07-29 18:57:10 [main] INFO  o.h.jpa.internal.util.LogHelper - HHH000204: Processing PersistenceUnitInfo [name: default]
""2022-07-29 18:57:10 [main] INFO  org.hibernate.dialect.Dialect - HHH000400: Using dialect: org.hibernate.dialect.H2Dialect
""2022-07-29 18:57:10 [main] INFO  o.h.e.t.j.p.i.JtaPlatformInitiator - HHH000490: Using JtaPlatform implementation: [org.hibernate.engine.transaction.jta.platform.internal.NoJtaPlatform]
""2022-07-29 18:57:10 [main] INFO  o.s.o.j.LocalContainerEntityManagerFactoryBean - Initialized JPA EntityManagerFactory for persistence unit 'default'
""2022-07-29 18:57:10 [main] WARN  o.s.b.a.o.j.JpaBaseConfiguration$JpaWebConfiguration - spring.jpa.open-in-view is enabled by default. Therefore, database queries may be performed during view rendering. Explicitly configure spring.jpa.open-in-view to disable this warning
""2022-07-29 18:57:10 [main] INFO  o.s.b.a.h.H2ConsoleAutoConfiguration - H2 console available at '/h2-console'. Database available at 'jdbc:h2:mem:pms'
""2022-07-29 18:57:12 [main] INFO  c.c.c.service.StockDetailServiceTest - Started StockDetailServiceTest in 2.784 seconds (JVM running for 25.345)
""2022-07-29 18:57:12 [SpringApplicationShutdownHook] INFO  o.s.o.j.LocalContainerEntityManagerFactoryBean - Closing JPA EntityManagerFactory for persistence unit 'default'
""2022-07-29 18:57:12 [SpringApplicationShutdownHook] INFO  com.zaxxer.hikari.HikariDataSource - HikariPool-1 - Shutdown initiated...
""2022-07-29 18:57:12 [SpringApplicationShutdownHook] INFO  com.zaxxer.hikari.HikariDataSource - HikariPool-1 - Shutdown completed.
""2022-07-29 18:57:12 [SpringApplicationShutdownHook] INFO  o.s.o.j.LocalContainerEntityManagerFactoryBean - Closing JPA EntityManagerFactory for persistence unit 'default'
""2022-07-29 18:57:12 [SpringApplicationShutdownHook] INFO  com.zaxxer.hikari.HikariDataSource - HikariPool-2 - Shutdown initiated...
""2022-07-29 18:57:12 [SpringApplicationShutdownHook] INFO  com.zaxxer.hikari.HikariDataSource - HikariPool-2 - Shutdown completed.
""2022-07-29 18:57:12 [SpringApplicationShutdownHook] INFO  o.s.o.j.LocalContainerEntityManagerFactoryBean - Closing JPA EntityManagerFactory for persistence unit 'default'
""2022-07-29 18:57:12 [SpringApplicationShutdownHook] INFO  com.zaxxer.hikari.HikariDataSource - HikariPool-3 - Shutdown initiated...
""2022-07-29 18:57:12 [SpringApplicationShutdownHook] INFO  com.zaxxer.hikari.HikariDataSource - HikariPool-3 - Shutdown completed.
""2022-07-29 18:57:12 [SpringApplicationShutdownHook] INFO  o.s.o.j.LocalContainerEntityManagerFactoryBean - Closing JPA EntityManagerFactory for persistence unit 'default'
""2022-07-29 18:57:12 [SpringApplicationShutdownHook] INFO  com.zaxxer.hikari.HikariDataSource - HikariPool-4 - Shutdown initiated...
""2022-07-29 18:57:12 [SpringApplicationShutdownHook] INFO  com.zaxxer.hikari.HikariDataSource - HikariPool-4 - Shutdown completed.
"