"2022-07-29 18:57:46 [main] INFO  c.c.d.c.MutualFundControllerTest - Starting MutualFundControllerTest using Java 17.0.3 on DESKTOP-VUG3GVB with PID 9492 (started by VANU in E:\cts ManHandsOn\Portfolio Management\DailyMutualFundNAV)
""2022-07-29 18:57:46 [main] INFO  c.c.d.c.MutualFundControllerTest - No active profile set, falling back to 1 default profile: "default"
""2022-07-29 18:57:50 [main] INFO  o.s.b.t.m.w.SpringBootMockServletContext - Initializing Spring TestDispatcherServlet ''
""2022-07-29 18:57:50 [main] INFO  o.s.t.w.s.TestDispatcherServlet - Initializing Servlet ''
""2022-07-29 18:57:50 [main] INFO  o.s.t.w.s.TestDispatcherServlet - Completed initialization in 4 ms
""2022-07-29 18:57:50 [main] INFO  c.c.d.c.MutualFundControllerTest - Started MutualFundControllerTest in 4.629 seconds (JVM running for 7.004)
""2022-07-29 18:57:51 [main] INFO  c.c.d.c.MutualFundController - Fetching MutualFund using MutualName
""2022-07-29 18:57:51 [main] INFO  o.s.b.t.c.SpringBootTestContextBootstrapper - Neither @ContextConfiguration nor @ContextHierarchy found for test class [com.cts.dailymutualfundnav.DailyMutualFundNavApplicationTests], using SpringBootContextLoader
""2022-07-29 18:57:51 [main] INFO  o.s.t.c.s.AbstractContextLoader - Could not detect default resource locations for test class [com.cts.dailymutualfundnav.DailyMutualFundNavApplicationTests]: no resource found for suffixes {-context.xml, Context.groovy}.
""2022-07-29 18:57:51 [main] INFO  o.s.t.c.s.AnnotationConfigContextLoaderUtils - Could not detect default configuration classes for test class [com.cts.dailymutualfundnav.DailyMutualFundNavApplicationTests]: DailyMutualFundNavApplicationTests does not declare any static, non-private, non-final, nested classes annotated with @Configuration.
""2022-07-29 18:57:51 [main] INFO  o.s.b.t.c.SpringBootTestContextBootstrapper - Found @SpringBootConfiguration com.cts.dailymutualfundnav.DailyMutualFundNavApplication for test class com.cts.dailymutualfundnav.DailyMutualFundNavApplicationTests
""2022-07-29 18:57:51 [main] INFO  o.s.b.t.c.SpringBootTestContextBootstrapper - Loaded default TestExecutionListener class names from location [META-INF/spring.factories]: [org.springframework.boot.test.mock.mockito.MockitoTestExecutionListener, org.springframework.boot.test.mock.mockito.ResetMocksTestExecutionListener, org.springframework.boot.test.autoconfigure.restdocs.RestDocsTestExecutionListener, org.springframework.boot.test.autoconfigure.web.client.MockRestServiceServerResetTestExecutionListener, org.springframework.boot.test.autoconfigure.web.servlet.MockMvcPrintOnlyOnFailureTestExecutionListener, org.springframework.boot.test.autoconfigure.web.servlet.WebDriverTestExecutionListener, org.springframework.boot.test.autoconfigure.webservices.client.MockWebServiceServerTestExecutionListener, org.springframework.test.context.web.ServletTestExecutionListener, org.springframework.test.context.support.DirtiesContextBeforeModesTestExecutionListener, org.springframework.test.context.event.ApplicationEventsTestExecutionListener, org.springframework.test.context.support.DependencyInjectionTestExecutionListener, org.springframework.test.context.support.DirtiesContextTestExecutionListener, org.springframework.test.context.transaction.TransactionalTestExecutionListener, org.springframework.test.context.jdbc.SqlScriptsTestExecutionListener, org.springframework.test.context.event.EventPublishingTestExecutionListener]
""2022-07-29 18:57:51 [main] INFO  o.s.b.t.c.SpringBootTestContextBootstrapper - Using TestExecutionListeners: [org.springframework.test.context.web.ServletTestExecutionListener@924f3f1, org.springframework.test.context.support.DirtiesContextBeforeModesTestExecutionListener@19e2db7c, org.springframework.test.context.event.ApplicationEventsTestExecutionListener@77a4bac, org.springframework.boot.test.mock.mockito.MockitoTestExecutionListener@534fc1f7, org.springframework.boot.test.autoconfigure.SpringBootDependencyInjectionTestExecutionListener@7d5a0b14, org.springframework.test.context.support.DirtiesContextTestExecutionListener@72ec16f8, org.springframework.test.context.transaction.TransactionalTestExecutionListener@279e1422, org.springframework.test.context.jdbc.SqlScriptsTestExecutionListener@af3295f, org.springframework.test.context.event.EventPublishingTestExecutionListener@27dc81be, org.springframework.boot.test.mock.mockito.ResetMocksTestExecutionListener@3595086b, org.springframework.boot.test.autoconfigure.restdocs.RestDocsTestExecutionListener@627d35ff, org.springframework.boot.test.autoconfigure.web.client.MockRestServiceServerResetTestExecutionListener@7157413e, org.springframework.boot.test.autoconfigure.web.servlet.MockMvcPrintOnlyOnFailureTestExecutionListener@3245efdb, org.springframework.boot.test.autoconfigure.web.servlet.WebDriverTestExecutionListener@2f0e7fa8, org.springframework.boot.test.autoconfigure.webservices.client.MockWebServiceServerTestExecutionListener@24d7657b]
""2022-07-29 18:57:52 [main] INFO  c.c.d.DailyMutualFundNavApplicationTests - Starting DailyMutualFundNavApplicationTests using Java 17.0.3 on DESKTOP-VUG3GVB with PID 9492 (started by VANU in E:\cts ManHandsOn\Portfolio Management\DailyMutualFundNAV)
""2022-07-29 18:57:52 [main] INFO  c.c.d.DailyMutualFundNavApplicationTests - No active profile set, falling back to 1 default profile: "default"
""2022-07-29 18:57:53 [main] INFO  o.s.d.r.c.RepositoryConfigurationDelegate - Bootstrapping Spring Data JPA repositories in DEFAULT mode.
""2022-07-29 18:57:53 [main] INFO  o.s.d.r.c.RepositoryConfigurationDelegate - Finished Spring Data repository scanning in 78 ms. Found 1 JPA repository interfaces.
""2022-07-29 18:57:53 [main] INFO  o.s.cloud.context.scope.GenericScope - BeanFactory id=5a6d0153-cc0c-3d87-bc58-acc072034100
""2022-07-29 18:57:53 [main] INFO  com.zaxxer.hikari.HikariDataSource - HikariPool-1 - Starting...
""2022-07-29 18:57:54 [main] INFO  com.zaxxer.hikari.HikariDataSource - HikariPool-1 - Start completed.
""2022-07-29 18:57:54 [main] INFO  o.h.jpa.internal.util.LogHelper - HHH000204: Processing PersistenceUnitInfo [name: default]
""2022-07-29 18:57:54 [main] INFO  org.hibernate.Version - HHH000412: Hibernate ORM core version 5.6.9.Final
""2022-07-29 18:57:55 [main] INFO  o.h.annotations.common.Version - HCANN000001: Hibernate Commons Annotations {5.1.2.Final}
""2022-07-29 18:57:55 [main] INFO  org.hibernate.dialect.Dialect - HHH000400: Using dialect: org.hibernate.dialect.H2Dialect
""2022-07-29 18:57:56 [main] INFO  o.h.e.t.j.p.i.JtaPlatformInitiator - HHH000490: Using JtaPlatform implementation: [org.hibernate.engine.transaction.jta.platform.internal.NoJtaPlatform]
""2022-07-29 18:57:56 [main] INFO  o.s.o.j.LocalContainerEntityManagerFactoryBean - Initialized JPA EntityManagerFactory for persistence unit 'default'
""2022-07-29 18:57:57 [main] WARN  o.s.b.a.o.j.JpaBaseConfiguration$JpaWebConfiguration - spring.jpa.open-in-view is enabled by default. Therefore, database queries may be performed during view rendering. Explicitly configure spring.jpa.open-in-view to disable this warning
""2022-07-29 18:57:57 [main] INFO  o.s.b.a.h.H2ConsoleAutoConfiguration - H2 console available at '/h2-console'. Database available at 'jdbc:h2:mem:pms'
""2022-07-29 18:57:59 [main] INFO  c.c.d.DailyMutualFundNavApplicationTests - Started DailyMutualFundNavApplicationTests in 7.883 seconds (JVM running for 15.728)
""2022-07-29 18:57:59 [main] INFO  o.s.b.t.c.SpringBootTestContextBootstrapper - Neither @ContextConfiguration nor @ContextHierarchy found for test class [com.cts.dailymutualfundnav.model.MutualFundTest], using SpringBootContextLoader
""2022-07-29 18:57:59 [main] INFO  o.s.t.c.s.AbstractContextLoader - Could not detect default resource locations for test class [com.cts.dailymutualfundnav.model.MutualFundTest]: no resource found for suffixes {-context.xml, Context.groovy}.
""2022-07-29 18:57:59 [main] INFO  o.s.t.c.s.AnnotationConfigContextLoaderUtils - Could not detect default configuration classes for test class [com.cts.dailymutualfundnav.model.MutualFundTest]: MutualFundTest does not declare any static, non-private, non-final, nested classes annotated with @Configuration.
""2022-07-29 18:57:59 [main] INFO  o.s.b.t.c.SpringBootTestContextBootstrapper - Found @SpringBootConfiguration com.cts.dailymutualfundnav.DailyMutualFundNavApplication for test class com.cts.dailymutualfundnav.model.MutualFundTest
""2022-07-29 18:57:59 [main] INFO  o.s.b.t.c.SpringBootTestContextBootstrapper - Loaded default TestExecutionListener class names from location [META-INF/spring.factories]: [org.springframework.boot.test.mock.mockito.MockitoTestExecutionListener, org.springframework.boot.test.mock.mockito.ResetMocksTestExecutionListener, org.springframework.boot.test.autoconfigure.restdocs.RestDocsTestExecutionListener, org.springframework.boot.test.autoconfigure.web.client.MockRestServiceServerResetTestExecutionListener, org.springframework.boot.test.autoconfigure.web.servlet.MockMvcPrintOnlyOnFailureTestExecutionListener, org.springframework.boot.test.autoconfigure.web.servlet.WebDriverTestExecutionListener, org.springframework.boot.test.autoconfigure.webservices.client.MockWebServiceServerTestExecutionListener, org.springframework.test.context.web.ServletTestExecutionListener, org.springframework.test.context.support.DirtiesContextBeforeModesTestExecutionListener, org.springframework.test.context.event.ApplicationEventsTestExecutionListener, org.springframework.test.context.support.DependencyInjectionTestExecutionListener, org.springframework.test.context.support.DirtiesContextTestExecutionListener, org.springframework.test.context.transaction.TransactionalTestExecutionListener, org.springframework.test.context.jdbc.SqlScriptsTestExecutionListener, org.springframework.test.context.event.EventPublishingTestExecutionListener]
""2022-07-29 18:57:59 [main] INFO  o.s.b.t.c.SpringBootTestContextBootstrapper - Using TestExecutionListeners: [org.springframework.test.context.web.ServletTestExecutionListener@665902eb, org.springframework.test.context.support.DirtiesContextBeforeModesTestExecutionListener@60580e42, org.springframework.test.context.event.ApplicationEventsTestExecutionListener@6ca6d195, org.springframework.boot.test.mock.mockito.MockitoTestExecutionListener@2cc3df02, org.springframework.boot.test.autoconfigure.SpringBootDependencyInjectionTestExecutionListener@2a3de2b, org.springframework.test.context.support.DirtiesContextTestExecutionListener@22a9fa23, org.springframework.test.context.transaction.TransactionalTestExecutionListener@7859bd9a, org.springframework.test.context.jdbc.SqlScriptsTestExecutionListener@4ad0465c, org.springframework.test.context.event.EventPublishingTestExecutionListener@561e8bab, org.springframework.boot.test.mock.mockito.ResetMocksTestExecutionListener@3b8b1ba9, org.springframework.boot.test.autoconfigure.restdocs.RestDocsTestExecutionListener@e8bd42f, org.springframework.boot.test.autoconfigure.web.client.MockRestServiceServerResetTestExecutionListener@46219104, org.springframework.boot.test.autoconfigure.web.servlet.MockMvcPrintOnlyOnFailureTestExecutionListener@64c009b8, org.springframework.boot.test.autoconfigure.web.servlet.WebDriverTestExecutionListener@77510da, org.springframework.boot.test.autoconfigure.webservices.client.MockWebServiceServerTestExecutionListener@570f96b7]
""2022-07-29 18:57:59 [main] INFO  o.s.b.t.c.SpringBootTestContextBootstrapper - Neither @ContextConfiguration nor @ContextHierarchy found for test class [com.cts.dailymutualfundnav.service.MutualFundServiceTest], using SpringBootContextLoader
""2022-07-29 18:57:59 [main] INFO  o.s.t.c.s.AbstractContextLoader - Could not detect default resource locations for test class [com.cts.dailymutualfundnav.service.MutualFundServiceTest]: no resource found for suffixes {-context.xml, Context.groovy}.
""2022-07-29 18:57:59 [main] INFO  o.s.t.c.s.AnnotationConfigContextLoaderUtils - Could not detect default configuration classes for test class [com.cts.dailymutualfundnav.service.MutualFundServiceTest]: MutualFundServiceTest does not declare any static, non-private, non-final, nested classes annotated with @Configuration.
""2022-07-29 18:57:59 [main] INFO  o.s.b.t.c.SpringBootTestContextBootstrapper - Found @SpringBootConfiguration com.cts.dailymutualfundnav.DailyMutualFundNavApplication for test class com.cts.dailymutualfundnav.service.MutualFundServiceTest
""2022-07-29 18:57:59 [main] INFO  o.s.b.t.c.SpringBootTestContextBootstrapper - Loaded default TestExecutionListener class names from location [META-INF/spring.factories]: [org.springframework.boot.test.mock.mockito.MockitoTestExecutionListener, org.springframework.boot.test.mock.mockito.ResetMocksTestExecutionListener, org.springframework.boot.test.autoconfigure.restdocs.RestDocsTestExecutionListener, org.springframework.boot.test.autoconfigure.web.client.MockRestServiceServerResetTestExecutionListener, org.springframework.boot.test.autoconfigure.web.servlet.MockMvcPrintOnlyOnFailureTestExecutionListener, org.springframework.boot.test.autoconfigure.web.servlet.WebDriverTestExecutionListener, org.springframework.boot.test.autoconfigure.webservices.client.MockWebServiceServerTestExecutionListener, org.springframework.test.context.web.ServletTestExecutionListener, org.springframework.test.context.support.DirtiesContextBeforeModesTestExecutionListener, org.springframework.test.context.event.ApplicationEventsTestExecutionListener, org.springframework.test.context.support.DependencyInjectionTestExecutionListener, org.springframework.test.context.support.DirtiesContextTestExecutionListener, org.springframework.test.context.transaction.TransactionalTestExecutionListener, org.springframework.test.context.jdbc.SqlScriptsTestExecutionListener, org.springframework.test.context.event.EventPublishingTestExecutionListener]
""2022-07-29 18:57:59 [main] INFO  o.s.b.t.c.SpringBootTestContextBootstrapper - Using TestExecutionListeners: [org.springframework.test.context.web.ServletTestExecutionListener@bf2aa3f, org.springframework.test.context.support.DirtiesContextBeforeModesTestExecutionListener@7f0977d6, org.springframework.test.context.event.ApplicationEventsTestExecutionListener@3ce34b92, org.springframework.boot.test.mock.mockito.MockitoTestExecutionListener@1f4dce67, org.springframework.boot.test.autoconfigure.SpringBootDependencyInjectionTestExecutionListener@1f02ce3, org.springframework.test.context.support.DirtiesContextTestExecutionListener@35f34ccc, org.springframework.test.context.transaction.TransactionalTestExecutionListener@136a2e3b, org.springframework.test.context.jdbc.SqlScriptsTestExecutionListener@62a5e4c7, org.springframework.test.context.event.EventPublishingTestExecutionListener@62325b44, org.springframework.boot.test.mock.mockito.ResetMocksTestExecutionListener@4d08fee2, org.springframework.boot.test.autoconfigure.restdocs.RestDocsTestExecutionListener@f511a8e, org.springframework.boot.test.autoconfigure.web.client.MockRestServiceServerResetTestExecutionListener@421f447f, org.springframework.boot.test.autoconfigure.web.servlet.MockMvcPrintOnlyOnFailureTestExecutionListener@3287cf03, org.springframework.boot.test.autoconfigure.web.servlet.WebDriverTestExecutionListener@3872c85f, org.springframework.boot.test.autoconfigure.webservices.client.MockWebServiceServerTestExecutionListener@3f7030b5]
""2022-07-29 18:58:00 [main] INFO  c.c.d.service.MutualFundServiceTest - Starting MutualFundServiceTest using Java 17.0.3 on DESKTOP-VUG3GVB with PID 9492 (started by VANU in E:\cts ManHandsOn\Portfolio Management\DailyMutualFundNAV)
""2022-07-29 18:58:00 [main] INFO  c.c.d.service.MutualFundServiceTest - No active profile set, falling back to 1 default profile: "default"
""2022-07-29 18:58:00 [main] INFO  o.s.d.r.c.RepositoryConfigurationDelegate - Bootstrapping Spring Data JPA repositories in DEFAULT mode.
""2022-07-29 18:58:00 [main] INFO  o.s.d.r.c.RepositoryConfigurationDelegate - Finished Spring Data repository scanning in 13 ms. Found 1 JPA repository interfaces.
""2022-07-29 18:58:01 [main] INFO  o.s.cloud.context.scope.GenericScope - BeanFactory id=5a6d0153-cc0c-3d87-bc58-acc072034100
""2022-07-29 18:58:01 [main] INFO  com.zaxxer.hikari.HikariDataSource - HikariPool-2 - Starting...
""2022-07-29 18:58:01 [main] INFO  com.zaxxer.hikari.HikariDataSource - HikariPool-2 - Start completed.
""2022-07-29 18:58:01 [main] INFO  o.h.jpa.internal.util.LogHelper - HHH000204: Processing PersistenceUnitInfo [name: default]
""2022-07-29 18:58:01 [main] INFO  org.hibernate.dialect.Dialect - HHH000400: Using dialect: org.hibernate.dialect.H2Dialect
""2022-07-29 18:58:01 [main] INFO  o.h.e.t.j.p.i.JtaPlatformInitiator - HHH000490: Using JtaPlatform implementation: [org.hibernate.engine.transaction.jta.platform.internal.NoJtaPlatform]
""2022-07-29 18:58:01 [main] INFO  o.s.o.j.LocalContainerEntityManagerFactoryBean - Initialized JPA EntityManagerFactory for persistence unit 'default'
""2022-07-29 18:58:01 [main] WARN  o.s.b.a.o.j.JpaBaseConfiguration$JpaWebConfiguration - spring.jpa.open-in-view is enabled by default. Therefore, database queries may be performed during view rendering. Explicitly configure spring.jpa.open-in-view to disable this warning
""2022-07-29 18:58:01 [main] INFO  o.s.b.a.h.H2ConsoleAutoConfiguration - H2 console available at '/h2-console'. Database available at 'jdbc:h2:mem:pms'
""2022-07-29 18:58:02 [main] INFO  c.c.d.service.MutualFundServiceTest - Started MutualFundServiceTest in 3.213 seconds (JVM running for 19.197)
""2022-07-29 18:58:02 [SpringApplicationShutdownHook] INFO  o.s.o.j.LocalContainerEntityManagerFactoryBean - Closing JPA EntityManagerFactory for persistence unit 'default'
""2022-07-29 18:58:02 [SpringApplicationShutdownHook] INFO  com.zaxxer.hikari.HikariDataSource - HikariPool-1 - Shutdown initiated...
""2022-07-29 18:58:02 [SpringApplicationShutdownHook] INFO  com.zaxxer.hikari.HikariDataSource - HikariPool-1 - Shutdown completed.
""2022-07-29 18:58:02 [SpringApplicationShutdownHook] INFO  o.s.o.j.LocalContainerEntityManagerFactoryBean - Closing JPA EntityManagerFactory for persistence unit 'default'
""2022-07-29 18:58:02 [SpringApplicationShutdownHook] INFO  com.zaxxer.hikari.HikariDataSource - HikariPool-2 - Shutdown initiated...
""2022-07-29 18:58:02 [SpringApplicationShutdownHook] INFO  com.zaxxer.hikari.HikariDataSource - HikariPool-2 - Shutdown completed.
"